Socket on 192.168.109.15 created successfully!
connect error: No route to host
Socket on 192.168.109.15 created successfully!
Received -163754450 string is : { "AliveInterval" : 20, "ChannelNum" : 1, "DeviceType " : "IPC", "ExtraChannel" : 0, "Ret" : 100, "SessionID" : "0x0000003A" }
;
session id is : 0x0000003A
Send Name SystemInfo: {"Name":"SystemInfo","SessionID":"0x0000003A"}
Received string  SystemInfo is : { "Name" : "SystemInfo", "Ret" : 100, "SessionID" : "0x3a", "SystemInfo" : { "AlarmInChannel" : 2, "AlarmOutChannel" : 1, "AudioInChannel" : 1, "BuildTime" : "2013-12-16 15:22:15", "CombineSwitch" : 0, "DeviceRunTime" : "0x0000A436", "DigChannel" : 0, "EncryptVersion" : "Unknown", "ExtraChannel" : 0, "HardWare" : "50H10L_S39", "HardWareVersion" : "Unknown", "SerialNo" : "8c02e921079ea55c", "SoftWareVersion" : "V4.02.R11.00002510.10010", "TalkInChannel" : 1, "TalkOutChannel" : 1, "UpdataTime" : "", "UpdataType" : "0x00000000", "VideoInChannel" : 1, "VideoOutChannel" : 1 } }
;
Send KeepAlive {"Name":"KeepAlive","SessionID":"0x0000003A"}
Received string KeepAlive is : { "Name" : "KeepAlive", "Ret" : 100, "SessionID" : "0x0000003A" }

size of now ===== 19
Time setting {"Name":"OPTimeSettingNoRTC","OPTimeSettingNoRTC":"2014-04-18 16:47:42","SessionID":"0x0000003A"}
Send name & session id again : {"Name":"","SessionID":"0x0000003A"}
Received string Last 1 is : { "Name" : "", "Ret" : 100, "SessionID" : "0x0000003A" }

Received string Last 2 is : { "Name" : "", "Ret" : 100, "SessionID" : "0x0000003A" }

ffff ./pids/15child.pid
Send OPMonitor in father  process :: {"Name":"OPMonitor","OPMonitor":{"Action":"Start","Parameter":{"Channel":0,"CombinMode":"NONE","StreamType":"Main","TransMode":"TCP"}},"SessionID":"0x0000003A"}
Parent receive 1:
Empty thing-----------
Received string KeepAlive is : { "Name" : "OPMonitor", "Ret" : 100, "SessionID" : "0x0000003A" }

Received string KeepAlive is : { "Name" : "KeepAlive", "Ret" : 100, "SessionID" : "0x0000003A" }

Received string KeepAlive is : { "AlarmInfo" : { "Channel" : 0, "Event" : "VideoMotion", "StartTime" : "2014-04-18 16:48:17", "Status" : "Start" }, "Name" : "AlarmInfo", "SessionID" : "0x3a" }

Received string KeepAlive is : { "AlarmInfo" : { "Channel" : 0, "Event" : "VideoMotion", "StartTime" : "2014-04-18 16:48:18", "Status" : "Stop" }, "Name" : "AlarmInfo", "SessionID" : "0x3a" }

Received string KeepAlive is : { "AlarmInfo" : { "Channel" : 0, "Event" : "VideoMotion", "StartTime" : "2014-04-18 16:48:19", "Status" : "Start" }, "Name" : "AlarmInfo", "SessionID" : "0x3a" }

Received string KeepAlive is : { "AlarmInfo" : { "Channel" : 0, "Event" : "VideoMotion", "StartTime" : "2014-04-18 16:48:20", "Status" : "Stop" }, "Name" : "AlarmInfo", "SessionID" : "0x3a" }

Received string KeepAlive is : { "Name" : "KeepAlive", "Ret" : 100, "SessionID" : "0x0000003A" }

Received string KeepAlive is : { "Name" : "KeepAlive", "Ret" : 100, "SessionID" : "0x0000003A" }

Received string KeepAlive is : { "Name" : "KeepAlive", "Ret" : 100, "SessionID" : "0x0000003A" }

Received string KeepAlive is : { "Name" : "KeepAlive", "Ret" : 100, "SessionID" : "0x0000003A" }

Received string KeepAlive is : { "Name" : "KeepAlive", "Ret" : 100, "SessionID" : "0x0000003A" }

Received string KeepAlive is : { "Name" : "KeepAlive", "Ret" : 100, "SessionID" : "0x0000003A" }

Received string KeepAlive is : { "Name" : "KeepAlive", "Ret" : 100, "SessionID" : "0x0000003A" }

Received string KeepAlive is : { "Name" : "KeepAlive", "Ret" : 100, "SessionID" : "0x0000003A" }

Received string KeepAlive is : { "Name" : "KeepAlive", "Ret" : 100, "SessionID" : "0x0000003A" }

Received string KeepAlive is : { "Name" : "KeepAlive", "Ret" : 100, "SessionID" : "0x0000003A" }

Received string KeepAlive is : { "Name" : "KeepAlive", "Ret" : 100, "SessionID" : "0x0000003A" }

Received string KeepAlive is : { "Name" : "KeepAlive", "Ret" : 100, "SessionID" : "0x0000003A" }

Received string KeepAlive is : { "Name" : "KeepAlive", "Ret" : 100, "SessionID" : "0x0000003A" }

Received string KeepAlive is : { "Name" : "KeepAlive", "Ret" : 100, "SessionID" : "0x0000003A" }

Received string KeepAlive is : { "Name" : "KeepAlive", "Ret" : 100, "SessionID" : "0x0000003A" }

Received string KeepAlive is : { "Name" : "KeepAlive", "Ret" : 100, "SessionID" : "0x0000003A" }

Received string KeepAlive is : { "Name" : "KeepAlive", "Ret" : 100, "SessionID" : "0x0000003A" }

Received string KeepAlive is : { "Name" : "KeepAlive", "Ret" : 100, "SessionID" : "0x0000003A" }

Received string KeepAlive is : { "Name" : "KeepAlive", "Ret" : 100, "SessionID" : "0x0000003A" }

Received string KeepAlive is : { "Name" : "KeepAlive", "Ret" : 100, "SessionID" : "0x0000003A" }

Received string KeepAlive is : { "Name" : "KeepAlive", "Ret" : 100, "SessionID" : "0x0000003A" }

Received string KeepAlive is : { "Name" : "KeepAlive", "Ret" : 100, "SessionID" : "0x0000003A" }

Received string KeepAlive is : { "Name" : "KeepAlive", "Ret" : 100, "SessionID" : "0x0000003A" }

Received string KeepAlive is : { "Name" : "KeepAlive", "Ret" : 100, "SessionID" : "0x0000003A" }

Received string KeepAlive is : { "Name" : "KeepAlive", "Ret" : 100, "SessionID" : "0x0000003A" }

Received string KeepAlive is : { "Name" : "KeepAlive", "Ret" : 100, "SessionID" : "0x0000003A" }

Received string KeepAlive is : { "Name" : "KeepAlive", "Ret" : 100, "SessionID" : "0x0000003A" }

Received string KeepAlive is : { "Name" : "KeepAlive", "Ret" : 100, "SessionID" : "0x0000003A" }

Received string KeepAlive is : { "Name" : "KeepAlive", "Ret" : 100, "SessionID" : "0x0000003A" }

Received string KeepAlive is : { "Name" : "KeepAlive", "Ret" : 100, "SessionID" : "0x0000003A" }

Received string KeepAlive is : { "Name" : "KeepAlive", "Ret" : 100, "SessionID" : "0x0000003A" }

Received string KeepAlive is : { "Name" : "KeepAlive", "Ret" : 100, "SessionID" : "0x0000003A" }

Received string KeepAlive is : { "Name" : "KeepAlive", "Ret" : 100, "SessionID" : "0x0000003A" }

Received string KeepAlive is : { "Name" : "KeepAlive", "Ret" : 100, "SessionID" : "0x0000003A" }

Received string KeepAlive is : { "Name" : "KeepAlive", "Ret" : 100, "SessionID" : "0x0000003A" }

Received string KeepAlive is : { "Name" : "KeepAlive", "Ret" : 100, "SessionID" : "0x0000003A" }

Received string KeepAlive is : { "Name" : "KeepAlive", "Ret" : 100, "SessionID" : "0x0000003A" }

Received string KeepAlive is : { "Name" : "KeepAlive", "Ret" : 100, "SessionID" : "0x0000003A" }

Received string KeepAlive is : { "Name" : "KeepAlive", "Ret" : 100, "SessionID" : "0x0000003A" }

Received string KeepAlive is : { "Name" : "KeepAlive", "Ret" : 100, "SessionID" : "0x0000003A" }

Received string KeepAlive is : { "Name" : "KeepAlive", "Ret" : 100, "SessionID" : "0x0000003A" }

Received string KeepAlive is : { "Name" : "KeepAlive", "Ret" : 100, "SessionID" : "0x0000003A" }

Received string KeepAlive is : { "Name" : "KeepAlive", "Ret" : 100, "SessionID" : "0x0000003A" }

Received string KeepAlive is : { "Name" : "KeepAlive", "Ret" : 100, "SessionID" : "0x0000003A" }

Received string KeepAlive is : { "Name" : "KeepAlive", "Ret" : 100, "SessionID" : "0x0000003A" }

Received string KeepAlive is : { "Name" : "KeepAlive", "Ret" : 100, "SessionID" : "0x0000003A" }

Received string KeepAlive is : { "Name" : "KeepAlive", "Ret" : 100, "SessionID" : "0x0000003A" }

Received string KeepAlive is : { "Name" : "KeepAlive", "Ret" : 100, "SessionID" : "0x0000003A" }

Received string KeepAlive is : { "Name" : "KeepAlive", "Ret" : 100, "SessionID" : "0x0000003A" }

Received string KeepAlive is : { "Name" : "KeepAlive", "Ret" : 100, "SessionID" : "0x0000003A" }

Received string KeepAlive is : { "Name" : "KeepAlive", "Ret" : 100, "SessionID" : "0x0000003A" }

Received string KeepAlive is : { "Name" : "KeepAlive", "Ret" : 100, "SessionID" : "0x0000003A" }

Received string KeepAlive is : { "Name" : "KeepAlive", "Ret" : 100, "SessionID" : "0x0000003A" }

Received string KeepAlive is : { "Name" : "KeepAlive", "Ret" : 100, "SessionID" : "0x0000003A" }

Received string KeepAlive is : { "Name" : "KeepAlive", "Ret" : 100, "SessionID" : "0x0000003A" }

Received string KeepAlive is : { "Name" : "KeepAlive", "Ret" : 100, "SessionID" : "0x0000003A" }

Received string KeepAlive is : { "Name" : "KeepAlive", "Ret" : 100, "SessionID" : "0x0000003A" }

Received string KeepAlive is : { "Name" : "KeepAlive", "Ret" : 100, "SessionID" : "0x0000003A" }

Received string KeepAlive is : { "Name" : "KeepAlive", "Ret" : 100, "SessionID" : "0x0000003A" }

Received string KeepAlive is : { "Name" : "KeepAlive", "Ret" : 100, "SessionID" : "0x0000003A" }

Received string KeepAlive is : { "Name" : "KeepAlive", "Ret" : 100, "SessionID" : "0x0000003A" }

Received string KeepAlive is : { "Name" : "KeepAlive", "Ret" : 100, "SessionID" : "0x0000003A" }

Received string KeepAlive is : { "Name" : "KeepAlive", "Ret" : 100, "SessionID" : "0x0000003A" }

Received string KeepAlive is : { "Name" : "KeepAlive", "Ret" : 100, "SessionID" : "0x0000003A" }

Received string KeepAlive is : { "Name" : "KeepAlive", "Ret" : 100, "SessionID" : "0x0000003A" }

Received string KeepAlive is : { "Name" : "KeepAlive", "Ret" : 100, "SessionID" : "0x0000003A" }

Received string KeepAlive is : { "Name" : "KeepAlive", "Ret" : 100, "SessionID" : "0x0000003A" }

Received string KeepAlive is : { "Name" : "KeepAlive", "Ret" : 100, "SessionID" : "0x0000003A" }

Received string KeepAlive is : { "Name" : "KeepAlive", "Ret" : 100, "SessionID" : "0x0000003A" }

Received string KeepAlive is : { "Name" : "KeepAlive", "Ret" : 100, "SessionID" : "0x0000003A" }

Received string KeepAlive is : { "Name" : "KeepAlive", "Ret" : 100, "SessionID" : "0x0000003A" }

Received string KeepAlive is : { "Name" : "KeepAlive", "Ret" : 100, "SessionID" : "0x0000003A" }

Received string KeepAlive is : { "Name" : "KeepAlive", "Ret" : 100, "SessionID" : "0x0000003A" }

Received string KeepAlive is : { "Name" : "KeepAlive", "Ret" : 100, "SessionID" : "0x0000003A" }

Received string KeepAlive is : { "Name" : "KeepAlive", "Ret" : 100, "SessionID" : "0x0000003A" }

Received string KeepAlive is : { "Name" : "KeepAlive", "Ret" : 100, "SessionID" : "0x0000003A" }

Received string KeepAlive is : { "Name" : "KeepAlive", "Ret" : 100, "SessionID" : "0x0000003A" }

Received string KeepAlive is : { "Name" : "KeepAlive", "Ret" : 100, "SessionID" : "0x0000003A" }

Received string KeepAlive is : { "Name" : "KeepAlive", "Ret" : 100, "SessionID" : "0x0000003A" }

Received string KeepAlive is : { "Name" : "KeepAlive", "Ret" : 100, "SessionID" : "0x0000003A" }

Received string KeepAlive is : { "Name" : "KeepAlive", "Ret" : 100, "SessionID" : "0x0000003A" }

Received string KeepAlive is : { "Name" : "KeepAlive", "Ret" : 100, "SessionID" : "0x0000003A" }

Received string KeepAlive is : { "Name" : "KeepAlive", "Ret" : 100, "SessionID" : "0x0000003A" }

Received string KeepAlive is : { "Name" : "KeepAlive", "Ret" : 100, "SessionID" : "0x0000003A" }

Received string KeepAlive is : { "Name" : "KeepAlive", "Ret" : 100, "SessionID" : "0x0000003A" }

Received string KeepAlive is : { "Name" : "KeepAlive", "Ret" : 100, "SessionID" : "0x0000003A" }

Received string KeepAlive is : { "Name" : "KeepAlive", "Ret" : 100, "SessionID" : "0x0000003A" }

Received string KeepAlive is : { "Name" : "KeepAlive", "Ret" : 100, "SessionID" : "0x0000003A" }

Received string KeepAlive is : { "Name" : "KeepAlive", "Ret" : 100, "SessionID" : "0x0000003A" }

Received string KeepAlive is : { "Name" : "KeepAlive", "Ret" : 100, "SessionID" : "0x0000003A" }

Received string KeepAlive is : { "Name" : "KeepAlive", "Ret" : 100, "SessionID" : "0x0000003A" }

Received string KeepAlive is : { "Name" : "KeepAlive", "Ret" : 100, "SessionID" : "0x0000003A" }

Received string KeepAlive is : { "Name" : "KeepAlive", "Ret" : 100, "SessionID" : "0x0000003A" }

Received string KeepAlive is : { "Name" : "KeepAlive", "Ret" : 100, "SessionID" : "0x0000003A" }

Received string KeepAlive is : { "Name" : "KeepAlive", "Ret" : 100, "SessionID" : "0x0000003A" }

Received string KeepAlive is : { "Name" : "KeepAlive", "Ret" : 100, "SessionID" : "0x0000003A" }

Received string KeepAlive is : { "Name" : "KeepAlive", "Ret" : 100, "SessionID" : "0x0000003A" }

Received string KeepAlive is : { "Name" : "KeepAlive", "Ret" : 100, "SessionID" : "0x0000003A" }

Received string KeepAlive is : { "Name" : "KeepAlive", "Ret" : 100, "SessionID" : "0x0000003A" }

Received string KeepAlive is : { "Name" : "KeepAlive", "Ret" : 100, "SessionID" : "0x0000003A" }

Received string KeepAlive is : { "Name" : "KeepAlive", "Ret" : 100, "SessionID" : "0x0000003A" }

Received string KeepAlive is : { "Name" : "KeepAlive", "Ret" : 100, "SessionID" : "0x0000003A" }

Received string KeepAlive is : { "Name" : "KeepAlive", "Ret" : 100, "SessionID" : "0x0000003A" }

Received string KeepAlive is : { "Name" : "KeepAlive", "Ret" : 100, "SessionID" : "0x0000003A" }

Received string KeepAlive is : { "Name" : "KeepAlive", "Ret" : 100, "SessionID" : "0x0000003A" }

Received string KeepAlive is : { "Name" : "KeepAlive", "Ret" : 100, "SessionID" : "0x0000003A" }

Received string KeepAlive is : { "Name" : "KeepAlive", "Ret" : 100, "SessionID" : "0x0000003A" }

Received string KeepAlive is : { "Name" : "KeepAlive", "Ret" : 100, "SessionID" : "0x0000003A" }

Received string KeepAlive is : { "Name" : "KeepAlive", "Ret" : 100, "SessionID" : "0x0000003A" }

Received string KeepAlive is : { "Name" : "KeepAlive", "Ret" : 100, "SessionID" : "0x0000003A" }

Received string KeepAlive is : { "Name" : "KeepAlive", "Ret" : 100, "SessionID" : "0x0000003A" }

Received string KeepAlive is : { "Name" : "KeepAlive", "Ret" : 100, "SessionID" : "0x0000003A" }

Received string KeepAlive is : { "Name" : "KeepAlive", "Ret" : 100, "SessionID" : "0x0000003A" }

Received string KeepAlive is : { "Name" : "KeepAlive", "Ret" : 100, "SessionID" : "0x0000003A" }

Received string KeepAlive is : { "Name" : "KeepAlive", "Ret" : 100, "SessionID" : "0x0000003A" }

Received string KeepAlive is : { "Name" : "KeepAlive", "Ret" : 100, "SessionID" : "0x0000003A" }

Received string KeepAlive is : { "Name" : "KeepAlive", "Ret" : 100, "SessionID" : "0x0000003A" }

Received string KeepAlive is : { "Name" : "KeepAlive", "Ret" : 100, "SessionID" : "0x0000003A" }

Received string KeepAlive is : { "Name" : "KeepAlive", "Ret" : 100, "SessionID" : "0x0000003A" }

Received string KeepAlive is : { "Name" : "KeepAlive", "Ret" : 100, "SessionID" : "0x0000003A" }

Received string KeepAlive is : { "Name" : "KeepAlive", "Ret" : 100, "SessionID" : "0x0000003A" }

Received string KeepAlive is : { "Name" : "KeepAlive", "Ret" : 100, "SessionID" : "0x0000003A" }

Received string KeepAlive is : { "Name" : "KeepAlive", "Ret" : 100, "SessionID" : "0x0000003A" }

Received string KeepAlive is : { "Name" : "KeepAlive", "Ret" : 100, "SessionID" : "0x0000003A" }

Received string KeepAlive is : { "Name" : "KeepAlive", "Ret" : 100, "SessionID" : "0x0000003A" }

Received string KeepAlive is : { "Name" : "KeepAlive", "Ret" : 100, "SessionID" : "0x0000003A" }

Received string KeepAlive is : { "Name" : "KeepAlive", "Ret" : 100, "SessionID" : "0x0000003A" }

Received string KeepAlive is : { "Name" : "KeepAlive", "Ret" : 100, "SessionID" : "0x0000003A" }

Received string KeepAlive is : { "Name" : "KeepAlive", "Ret" : 100, "SessionID" : "0x0000003A" }

Received string KeepAlive is : { "Name" : "KeepAlive", "Ret" : 100, "SessionID" : "0x0000003A" }

Received string KeepAlive is : { "Name" : "KeepAlive", "Ret" : 100, "SessionID" : "0x0000003A" }

Received string KeepAlive is : { "Name" : "KeepAlive", "Ret" : 100, "SessionID" : "0x0000003A" }

Received string KeepAlive is : { "Name" : "KeepAlive", "Ret" : 100, "SessionID" : "0x0000003A" }

Received string KeepAlive is : { "Name" : "KeepAlive", "Ret" : 100, "SessionID" : "0x0000003A" }

Received string KeepAlive is : { "Name" : "KeepAlive", "Ret" : 100, "SessionID" : "0x0000003A" }

Received string KeepAlive is : { "Name" : "KeepAlive", "Ret" : 100, "SessionID" : "0x0000003A" }

Received string KeepAlive is : { "Name" : "KeepAlive", "Ret" : 100, "SessionID" : "0x0000003A" }

Received string KeepAlive is : { "Name" : "KeepAlive", "Ret" : 100, "SessionID" : "0x0000003A" }

Received string KeepAlive is : { "Name" : "KeepAlive", "Ret" : 100, "SessionID" : "0x0000003A" }

Received string KeepAlive is : { "Name" : "KeepAlive", "Ret" : 100, "SessionID" : "0x0000003A" }

Received string KeepAlive is : { "Name" : "KeepAlive", "Ret" : 100, "SessionID" : "0x0000003A" }

Received string KeepAlive is : { "Name" : "KeepAlive", "Ret" : 100, "SessionID" : "0x0000003A" }

Received string KeepAlive is : { "Name" : "KeepAlive", "Ret" : 100, "SessionID" : "0x0000003A" }

Received string KeepAlive is : { "Name" : "KeepAlive", "Ret" : 100, "SessionID" : "0x0000003A" }

Received string KeepAlive is : { "Name" : "KeepAlive", "Ret" : 100, "SessionID" : "0x0000003A" }

Received string KeepAlive is : { "Name" : "KeepAlive", "Ret" : 100, "SessionID" : "0x0000003A" }

Received string KeepAlive is : { "Name" : "KeepAlive", "Ret" : 100, "SessionID" : "0x0000003A" }

Received string KeepAlive is : { "Name" : "KeepAlive", "Ret" : 100, "SessionID" : "0x0000003A" }

Received string KeepAlive is : { "Name" : "KeepAlive", "Ret" : 100, "SessionID" : "0x0000003A" }

Received string KeepAlive is : { "Name" : "KeepAlive", "Ret" : 100, "SessionID" : "0x0000003A" }

Received string KeepAlive is : { "Name" : "KeepAlive", "Ret" : 100, "SessionID" : "0x0000003A" }

Received string KeepAlive is : { "Name" : "KeepAlive", "Ret" : 100, "SessionID" : "0x0000003A" }

Received string KeepAlive is : { "Name" : "KeepAlive", "Ret" : 100, "SessionID" : "0x0000003A" }

Received string KeepAlive is : { "Name" : "KeepAlive", "Ret" : 100, "SessionID" : "0x0000003A" }

Received string KeepAlive is : { "Name" : "KeepAlive", "Ret" : 100, "SessionID" : "0x0000003A" }

Received string KeepAlive is : { "Name" : "KeepAlive", "Ret" : 100, "SessionID" : "0x0000003A" }

Received string KeepAlive is : { "Name" : "KeepAlive", "Ret" : 100, "SessionID" : "0x0000003A" }

Received string KeepAlive is : { "Name" : "KeepAlive", "Ret" : 100, "SessionID" : "0x0000003A" }

Received string KeepAlive is : { "Name" : "KeepAlive", "Ret" : 100, "SessionID" : "0x0000003A" }

Received string KeepAlive is : { "Name" : "KeepAlive", "Ret" : 100, "SessionID" : "0x0000003A" }

Received string KeepAlive is : { "Name" : "KeepAlive", "Ret" : 100, "SessionID" : "0x0000003A" }

Received string KeepAlive is : { "Name" : "KeepAlive", "Ret" : 100, "SessionID" : "0x0000003A" }

Received string KeepAlive is : { "Name" : "KeepAlive", "Ret" : 100, "SessionID" : "0x0000003A" }

Received string KeepAlive is : { "Name" : "KeepAlive", "Ret" : 100, "SessionID" : "0x0000003A" }

Received string KeepAlive is : { "Name" : "KeepAlive", "Ret" : 100, "SessionID" : "0x0000003A" }

Received string KeepAlive is : { "Name" : "KeepAlive", "Ret" : 100, "SessionID" : "0x0000003A" }

Received string KeepAlive is : { "Name" : "KeepAlive", "Ret" : 100, "SessionID" : "0x0000003A" }

Received string KeepAlive is : { "Name" : "KeepAlive", "Ret" : 100, "SessionID" : "0x0000003A" }

Received string KeepAlive is : { "Name" : "KeepAlive", "Ret" : 100, "SessionID" : "0x0000003A" }

Received string KeepAlive is : { "Name" : "KeepAlive", "Ret" : 100, "SessionID" : "0x0000003A" }

Received string KeepAlive is : { "Name" : "KeepAlive", "Ret" : 100, "SessionID" : "0x0000003A" }

Received string KeepAlive is : { "Name" : "KeepAlive", "Ret" : 100, "SessionID" : "0x0000003A" }

Received string KeepAlive is : { "Name" : "KeepAlive", "Ret" : 100, "SessionID" : "0x0000003A" }

Received string KeepAlive is : { "Name" : "KeepAlive", "Ret" : 100, "SessionID" : "0x0000003A" }

Received string KeepAlive is : { "Name" : "KeepAlive", "Ret" : 100, "SessionID" : "0x0000003A" }

Received string KeepAlive is : { "Name" : "KeepAlive", "Ret" : 100, "SessionID" : "0x0000003A" }

Received string KeepAlive is : { "Name" : "KeepAlive", "Ret" : 100, "SessionID" : "0x0000003A" }

Received string KeepAlive is : { "Name" : "KeepAlive", "Ret" : 100, "SessionID" : "0x0000003A" }

Received string KeepAlive is : { "Name" : "KeepAlive", "Ret" : 100, "SessionID" : "0x0000003A" }

Received string KeepAlive is : { "Name" : "KeepAlive", "Ret" : 100, "SessionID" : "0x0000003A" }

Received string KeepAlive is : { "Name" : "KeepAlive", "Ret" : 100, "SessionID" : "0x0000003A" }

Received string KeepAlive is : { "Name" : "KeepAlive", "Ret" : 100, "SessionID" : "0x0000003A" }

Received string KeepAlive is : { "Name" : "KeepAlive", "Ret" : 100, "SessionID" : "0x0000003A" }

Received string KeepAlive is : { "Name" : "KeepAlive", "Ret" : 100, "SessionID" : "0x0000003A" }

Received string KeepAlive is : { "Name" : "KeepAlive", "Ret" : 100, "SessionID" : "0x0000003A" }

Received string KeepAlive is : { "Name" : "KeepAlive", "Ret" : 100, "SessionID" : "0x0000003A" }

Received string KeepAlive is : { "Name" : "KeepAlive", "Ret" : 100, "SessionID" : "0x0000003A" }

Received string KeepAlive is : { "Name" : "KeepAlive", "Ret" : 100, "SessionID" : "0x0000003A" }

Received string KeepAlive is : { "Name" : "KeepAlive", "Ret" : 100, "SessionID" : "0x0000003A" }

Received string KeepAlive is : { "Name" : "KeepAlive", "Ret" : 100, "SessionID" : "0x0000003A" }

Received string KeepAlive is : { "Name" : "KeepAlive", "Ret" : 100, "SessionID" : "0x0000003A" }

Received string KeepAlive is : { "Name" : "KeepAlive", "Ret" : 100, "SessionID" : "0x0000003A" }

Received string KeepAlive is : { "Name" : "KeepAlive", "Ret" : 100, "SessionID" : "0x0000003A" }

Received string KeepAlive is : { "Name" : "KeepAlive", "Ret" : 100, "SessionID" : "0x0000003A" }

Received string KeepAlive is : { "Name" : "KeepAlive", "Ret" : 100, "SessionID" : "0x0000003A" }

Received string KeepAlive is : { "Name" : "KeepAlive", "Ret" : 100, "SessionID" : "0x0000003A" }

Received string KeepAlive is : { "Name" : "KeepAlive", "Ret" : 100, "SessionID" : "0x0000003A" }

Received string KeepAlive is : { "Name" : "KeepAlive", "Ret" : 100, "SessionID" : "0x0000003A" }

Received string KeepAlive is : { "Name" : "KeepAlive", "Ret" : 100, "SessionID" : "0x0000003A" }

Received string KeepAlive is : { "Name" : "KeepAlive", "Ret" : 100, "SessionID" : "0x0000003A" }

Received string KeepAlive is : { "Name" : "KeepAlive", "Ret" : 100, "SessionID" : "0x0000003A" }

Received string KeepAlive is : { "Name" : "KeepAlive", "Ret" : 100, "SessionID" : "0x0000003A" }

Received string KeepAlive is : { "Name" : "KeepAlive", "Ret" : 100, "SessionID" : "0x0000003A" }

Received string KeepAlive is : { "Name" : "KeepAlive", "Ret" : 100, "SessionID" : "0x0000003A" }

Received string KeepAlive is : { "Name" : "KeepAlive", "Ret" : 100, "SessionID" : "0x0000003A" }

Received string KeepAlive is : { "Name" : "KeepAlive", "Ret" : 100, "SessionID" : "0x0000003A" }

Received string KeepAlive is : { "Name" : "KeepAlive", "Ret" : 100, "SessionID" : "0x0000003A" }

Received string KeepAlive is : { "Name" : "KeepAlive", "Ret" : 100, "SessionID" : "0x0000003A" }

Received string KeepAlive is : { "Name" : "KeepAlive", "Ret" : 100, "SessionID" : "0x0000003A" }

Received string KeepAlive is : { "Name" : "KeepAlive", "Ret" : 100, "SessionID" : "0x0000003A" }

Received string KeepAlive is : { "Name" : "KeepAlive", "Ret" : 100, "SessionID" : "0x0000003A" }

Received string KeepAlive is : { "Name" : "KeepAlive", "Ret" : 100, "SessionID" : "0x0000003A" }

Received string KeepAlive is : { "Name" : "KeepAlive", "Ret" : 100, "SessionID" : "0x0000003A" }

Received string KeepAlive is : { "Name" : "KeepAlive", "Ret" : 100, "SessionID" : "0x0000003A" }

Received string KeepAlive is : { "Name" : "KeepAlive", "Ret" : 100, "SessionID" : "0x0000003A" }

Received string KeepAlive is : { "Name" : "KeepAlive", "Ret" : 100, "SessionID" : "0x0000003A" }

Received string KeepAlive is : { "Name" : "KeepAlive", "Ret" : 100, "SessionID" : "0x0000003A" }

Received string KeepAlive is : { "Name" : "KeepAlive", "Ret" : 100, "SessionID" : "0x0000003A" }

Received string KeepAlive is : { "Name" : "KeepAlive", "Ret" : 100, "SessionID" : "0x0000003A" }

Received string KeepAlive is : { "Name" : "KeepAlive", "Ret" : 100, "SessionID" : "0x0000003A" }

Received string KeepAlive is : { "Name" : "KeepAlive", "Ret" : 100, "SessionID" : "0x0000003A" }

Received string KeepAlive is : { "Name" : "KeepAlive", "Ret" : 100, "SessionID" : "0x0000003A" }

Received string KeepAlive is : { "Name" : "KeepAlive", "Ret" : 100, "SessionID" : "0x0000003A" }

Received string KeepAlive is : { "Name" : "KeepAlive", "Ret" : 100, "SessionID" : "0x0000003A" }

Received string KeepAlive is : { "Name" : "KeepAlive", "Ret" : 100, "SessionID" : "0x0000003A" }

Received string KeepAlive is : { "Name" : "KeepAlive", "Ret" : 100, "SessionID" : "0x0000003A" }

Received string KeepAlive is : { "Name" : "KeepAlive", "Ret" : 100, "SessionID" : "0x0000003A" }

Received string KeepAlive is : { "Name" : "KeepAlive", "Ret" : 100, "SessionID" : "0x0000003A" }

Received string KeepAlive is : { "Name" : "KeepAlive", "Ret" : 100, "SessionID" : "0x0000003A" }

Received string KeepAlive is : { "Name" : "KeepAlive", "Ret" : 100, "SessionID" : "0x0000003A" }

Received string KeepAlive is : { "Name" : "KeepAlive", "Ret" : 100, "SessionID" : "0x0000003A" }

Received string KeepAlive is : { "Name" : "KeepAlive", "Ret" : 100, "SessionID" : "0x0000003A" }

Received string KeepAlive is : { "Name" : "KeepAlive", "Ret" : 100, "SessionID" : "0x0000003A" }

Received string KeepAlive is : { "Name" : "KeepAlive", "Ret" : 100, "SessionID" : "0x0000003A" }

Received string KeepAlive is : { "Name" : "KeepAlive", "Ret" : 100, "SessionID" : "0x0000003A" }

Received string KeepAlive is : { "Name" : "KeepAlive", "Ret" : 100, "SessionID" : "0x0000003A" }

Received string KeepAlive is : { "Name" : "KeepAlive", "Ret" : 100, "SessionID" : "0x0000003A" }

Received string KeepAlive is : { "Name" : "KeepAlive", "Ret" : 100, "SessionID" : "0x0000003A" }

Received string KeepAlive is : { "Name" : "KeepAlive", "Ret" : 100, "SessionID" : "0x0000003A" }

Received string KeepAlive is : { "Name" : "KeepAlive", "Ret" : 100, "SessionID" : "0x0000003A" }

Received string KeepAlive is : { "Name" : "KeepAlive", "Ret" : 100, "SessionID" : "0x0000003A" }

Received string KeepAlive is : { "Name" : "KeepAlive", "Ret" : 100, "SessionID" : "0x0000003A" }

Received string KeepAlive is : { "Name" : "KeepAlive", "Ret" : 100, "SessionID" : "0x0000003A" }

Received string KeepAlive is : { "Name" : "KeepAlive", "Ret" : 100, "SessionID" : "0x0000003A" }

Received string KeepAlive is : { "Name" : "KeepAlive", "Ret" : 100, "SessionID" : "0x0000003A" }

Received string KeepAlive is : { "Name" : "KeepAlive", "Ret" : 100, "SessionID" : "0x0000003A" }

Received string KeepAlive is : { "Name" : "KeepAlive", "Ret" : 100, "SessionID" : "0x0000003A" }

Received string KeepAlive is : { "Name" : "KeepAlive", "Ret" : 100, "SessionID" : "0x0000003A" }

Received string KeepAlive is : { "Name" : "KeepAlive", "Ret" : 100, "SessionID" : "0x0000003A" }

Received string KeepAlive is : { "Name" : "KeepAlive", "Ret" : 100, "SessionID" : "0x0000003A" }

Received string KeepAlive is : { "Name" : "KeepAlive", "Ret" : 100, "SessionID" : "0x0000003A" }

Received string KeepAlive is : { "Name" : "KeepAlive", "Ret" : 100, "SessionID" : "0x0000003A" }

Received string KeepAlive is : { "Name" : "KeepAlive", "Ret" : 100, "SessionID" : "0x0000003A" }

Received string KeepAlive is : { "Name" : "KeepAlive", "Ret" : 100, "SessionID" : "0x0000003A" }

Received string KeepAlive is : { "Name" : "KeepAlive", "Ret" : 100, "SessionID" : "0x0000003A" }

Received string KeepAlive is : { "Name" : "KeepAlive", "Ret" : 100, "SessionID" : "0x0000003A" }

Received string KeepAlive is : { "Name" : "KeepAlive", "Ret" : 100, "SessionID" : "0x0000003A" }

Received string KeepAlive is : { "Name" : "KeepAlive", "Ret" : 100, "SessionID" : "0x0000003A" }

Received string KeepAlive is : { "Name" : "KeepAlive", "Ret" : 100, "SessionID" : "0x0000003A" }

Received string KeepAlive is : { "Name" : "KeepAlive", "Ret" : 100, "SessionID" : "0x0000003A" }

Received string KeepAlive is : { "Name" : "KeepAlive", "Ret" : 100, "SessionID" : "0x0000003A" }

Received string KeepAlive is : { "Name" : "KeepAlive", "Ret" : 100, "SessionID" : "0x0000003A" }

Received string KeepAlive is : { "Name" : "KeepAlive", "Ret" : 100, "SessionID" : "0x0000003A" }

Received string KeepAlive is : { "Name" : "KeepAlive", "Ret" : 100, "SessionID" : "0x0000003A" }

Received string KeepAlive is : { "Name" : "KeepAlive", "Ret" : 100, "SessionID" : "0x0000003A" }

Received string KeepAlive is : { "Name" : "KeepAlive", "Ret" : 100, "SessionID" : "0x0000003A" }

Received string KeepAlive is : { "Name" : "KeepAlive", "Ret" : 100, "SessionID" : "0x0000003A" }

Received string KeepAlive is : { "Name" : "KeepAlive", "Ret" : 100, "SessionID" : "0x0000003A" }

Received string KeepAlive is : { "Name" : "KeepAlive", "Ret" : 100, "SessionID" : "0x0000003A" }

Received string KeepAlive is : { "Name" : "KeepAlive", "Ret" : 100, "SessionID" : "0x0000003A" }

Received string KeepAlive is : { "Name" : "KeepAlive", "Ret" : 100, "SessionID" : "0x0000003A" }

Received string KeepAlive is : { "Name" : "KeepAlive", "Ret" : 100, "SessionID" : "0x0000003A" }

Received string KeepAlive is : { "Name" : "KeepAlive", "Ret" : 100, "SessionID" : "0x0000003A" }

Received string KeepAlive is : { "Name" : "KeepAlive", "Ret" : 100, "SessionID" : "0x0000003A" }

Received string KeepAlive is : { "Name" : "KeepAlive", "Ret" : 100, "SessionID" : "0x0000003A" }

Received string KeepAlive is : { "Name" : "KeepAlive", "Ret" : 100, "SessionID" : "0x0000003A" }

Received string KeepAlive is : { "Name" : "KeepAlive", "Ret" : 100, "SessionID" : "0x0000003A" }

Received string KeepAlive is : { "Name" : "KeepAlive", "Ret" : 100, "SessionID" : "0x0000003A" }

Received string KeepAlive is : { "Name" : "KeepAlive", "Ret" : 100, "SessionID" : "0x0000003A" }

Received string KeepAlive is : { "Name" : "KeepAlive", "Ret" : 100, "SessionID" : "0x0000003A" }

Received string KeepAlive is : { "Name" : "KeepAlive", "Ret" : 100, "SessionID" : "0x0000003A" }

Received string KeepAlive is : { "Name" : "KeepAlive", "Ret" : 100, "SessionID" : "0x0000003A" }

Received string KeepAlive is : { "Name" : "KeepAlive", "Ret" : 100, "SessionID" : "0x0000003A" }

Received string KeepAlive is : { "Name" : "KeepAlive", "Ret" : 100, "SessionID" : "0x0000003A" }

Received string KeepAlive is : { "Name" : "KeepAlive", "Ret" : 100, "SessionID" : "0x0000003A" }

Received string KeepAlive is : { "Name" : "KeepAlive", "Ret" : 100, "SessionID" : "0x0000003A" }

Received string KeepAlive is : { "Name" : "KeepAlive", "Ret" : 100, "SessionID" : "0x0000003A" }

Received string KeepAlive is : { "Name" : "KeepAlive", "Ret" : 100, "SessionID" : "0x0000003A" }

Received string KeepAlive is : { "Name" : "KeepAlive", "Ret" : 100, "SessionID" : "0x0000003A" }

Received string KeepAlive is : { "Name" : "KeepAlive", "Ret" : 100, "SessionID" : "0x0000003A" }

Received string KeepAlive is : { "Name" : "KeepAlive", "Ret" : 100, "SessionID" : "0x0000003A" }

Received string KeepAlive is : { "Name" : "KeepAlive", "Ret" : 100, "SessionID" : "0x0000003A" }

Received string KeepAlive is : { "Name" : "KeepAlive", "Ret" : 100, "SessionID" : "0x0000003A" }

Received string KeepAlive is : { "Name" : "KeepAlive", "Ret" : 100, "SessionID" : "0x0000003A" }

Received string KeepAlive is : { "Name" : "KeepAlive", "Ret" : 100, "SessionID" : "0x0000003A" }

Received string KeepAlive is : { "Name" : "KeepAlive", "Ret" : 100, "SessionID" : "0x0000003A" }

Received string KeepAlive is : { "Name" : "KeepAlive", "Ret" : 100, "SessionID" : "0x0000003A" }

Received string KeepAlive is : { "Name" : "KeepAlive", "Ret" : 100, "SessionID" : "0x0000003A" }

Received string KeepAlive is : { "Name" : "KeepAlive", "Ret" : 100, "SessionID" : "0x0000003A" }

Received string KeepAlive is : { "Name" : "KeepAlive", "Ret" : 100, "SessionID" : "0x0000003A" }

Received string KeepAlive is : { "Name" : "KeepAlive", "Ret" : 100, "SessionID" : "0x0000003A" }

Received string KeepAlive is : { "Name" : "KeepAlive", "Ret" : 100, "SessionID" : "0x0000003A" }

Received string KeepAlive is : { "Name" : "KeepAlive", "Ret" : 100, "SessionID" : "0x0000003A" }

Received string KeepAlive is : { "Name" : "KeepAlive", "Ret" : 100, "SessionID" : "0x0000003A" }

Received string KeepAlive is : { "Name" : "KeepAlive", "Ret" : 100, "SessionID" : "0x0000003A" }

Received string KeepAlive is : { "Name" : "KeepAlive", "Ret" : 100, "SessionID" : "0x0000003A" }

Received string KeepAlive is : { "Name" : "KeepAlive", "Ret" : 100, "SessionID" : "0x0000003A" }

Received string KeepAlive is : { "Name" : "KeepAlive", "Ret" : 100, "SessionID" : "0x0000003A" }

Received string KeepAlive is : { "Name" : "KeepAlive", "Ret" : 100, "SessionID" : "0x0000003A" }

Received string KeepAlive is : { "Name" : "KeepAlive", "Ret" : 100, "SessionID" : "0x0000003A" }

Received string KeepAlive is : { "Name" : "KeepAlive", "Ret" : 100, "SessionID" : "0x0000003A" }

Received string KeepAlive is : { "Name" : "KeepAlive", "Ret" : 100, "SessionID" : "0x0000003A" }

Received string KeepAlive is : { "Name" : "KeepAlive", "Ret" : 100, "SessionID" : "0x0000003A" }

Received string KeepAlive is : { "Name" : "KeepAlive", "Ret" : 100, "SessionID" : "0x0000003A" }

Received string KeepAlive is : { "Name" : "KeepAlive", "Ret" : 100, "SessionID" : "0x0000003A" }

Received string KeepAlive is : { "Name" : "KeepAlive", "Ret" : 100, "SessionID" : "0x0000003A" }

Received string KeepAlive is : { "Name" : "KeepAlive", "Ret" : 100, "SessionID" : "0x0000003A" }

Received string KeepAlive is : { "Name" : "KeepAlive", "Ret" : 100, "SessionID" : "0x0000003A" }

Received string KeepAlive is : { "Name" : "KeepAlive", "Ret" : 100, "SessionID" : "0x0000003A" }

Received string KeepAlive is : { "Name" : "KeepAlive", "Ret" : 100, "SessionID" : "0x0000003A" }

Received string KeepAlive is : { "Name" : "KeepAlive", "Ret" : 100, "SessionID" : "0x0000003A" }

Received string KeepAlive is : { "Name" : "KeepAlive", "Ret" : 100, "SessionID" : "0x0000003A" }

Received string KeepAlive is : { "Name" : "KeepAlive", "Ret" : 100, "SessionID" : "0x0000003A" }

Received string KeepAlive is : { "Name" : "KeepAlive", "Ret" : 100, "SessionID" : "0x0000003A" }

Received string KeepAlive is : { "Name" : "KeepAlive", "Ret" : 100, "SessionID" : "0x0000003A" }

Received string KeepAlive is : { "Name" : "KeepAlive", "Ret" : 100, "SessionID" : "0x0000003A" }

Received string KeepAlive is : { "Name" : "KeepAlive", "Ret" : 100, "SessionID" : "0x0000003A" }

Received string KeepAlive is : { "Name" : "KeepAlive", "Ret" : 100, "SessionID" : "0x0000003A" }

Received string KeepAlive is : { "Name" : "KeepAlive", "Ret" : 100, "SessionID" : "0x0000003A" }

Received string KeepAlive is : { "Name" : "KeepAlive", "Ret" : 100, "SessionID" : "0x0000003A" }

Received string KeepAlive is : { "Name" : "KeepAlive", "Ret" : 100, "SessionID" : "0x0000003A" }

Received string KeepAlive is : { "Name" : "KeepAlive", "Ret" : 100, "SessionID" : "0x0000003A" }

Received string KeepAlive is : { "Name" : "KeepAlive", "Ret" : 100, "SessionID" : "0x0000003A" }

Received string KeepAlive is : { "Name" : "KeepAlive", "Ret" : 100, "SessionID" : "0x0000003A" }

Received string KeepAlive is : { "Name" : "KeepAlive", "Ret" : 100, "SessionID" : "0x0000003A" }

Received string KeepAlive is : { "Name" : "KeepAlive", "Ret" : 100, "SessionID" : "0x0000003A" }

Received string KeepAlive is : { "Name" : "KeepAlive", "Ret" : 100, "SessionID" : "0x0000003A" }

Received string KeepAlive is : { "Name" : "KeepAlive", "Ret" : 100, "SessionID" : "0x0000003A" }

Received string KeepAlive is : { "Name" : "KeepAlive", "Ret" : 100, "SessionID" : "0x0000003A" }

Received string KeepAlive is : { "Name" : "KeepAlive", "Ret" : 100, "SessionID" : "0x0000003A" }

Received string KeepAlive is : { "Name" : "KeepAlive", "Ret" : 100, "SessionID" : "0x0000003A" }

Received string KeepAlive is : { "Name" : "KeepAlive", "Ret" : 100, "SessionID" : "0x0000003A" }

Received string KeepAlive is : { "Name" : "KeepAlive", "Ret" : 100, "SessionID" : "0x0000003A" }

Received string KeepAlive is : { "Name" : "KeepAlive", "Ret" : 100, "SessionID" : "0x0000003A" }

Received string KeepAlive is : { "Name" : "KeepAlive", "Ret" : 100, "SessionID" : "0x0000003A" }

Received string KeepAlive is : { "Name" : "KeepAlive", "Ret" : 100, "SessionID" : "0x0000003A" }

Received string KeepAlive is : { "Name" : "KeepAlive", "Ret" : 100, "SessionID" : "0x0000003A" }

Received string KeepAlive is : { "Name" : "KeepAlive", "Ret" : 100, "SessionID" : "0x0000003A" }

Received string KeepAlive is : { "Name" : "KeepAlive", "Ret" : 100, "SessionID" : "0x0000003A" }

Received string KeepAlive is : { "Name" : "KeepAlive", "Ret" : 100, "SessionID" : "0x0000003A" }

Received string KeepAlive is : { "Name" : "KeepAlive", "Ret" : 100, "SessionID" : "0x0000003A" }

Received string KeepAlive is : { "Name" : "KeepAlive", "Ret" : 100, "SessionID" : "0x0000003A" }

Received string KeepAlive is : { "Name" : "KeepAlive", "Ret" : 100, "SessionID" : "0x0000003A" }

Received string KeepAlive is : { "Name" : "KeepAlive", "Ret" : 100, "SessionID" : "0x0000003A" }

Received string KeepAlive is : { "Name" : "KeepAlive", "Ret" : 100, "SessionID" : "0x0000003A" }

Received string KeepAlive is : { "Name" : "KeepAlive", "Ret" : 100, "SessionID" : "0x0000003A" }

Received string KeepAlive is : { "Name" : "KeepAlive", "Ret" : 100, "SessionID" : "0x0000003A" }

Received string KeepAlive is : { "Name" : "KeepAlive", "Ret" : 100, "SessionID" : "0x0000003A" }

Received string KeepAlive is : { "Name" : "KeepAlive", "Ret" : 100, "SessionID" : "0x0000003A" }

Received string KeepAlive is : { "Name" : "KeepAlive", "Ret" : 100, "SessionID" : "0x0000003A" }

Received string KeepAlive is : { "Name" : "KeepAlive", "Ret" : 100, "SessionID" : "0x0000003A" }

Received string KeepAlive is : { "Name" : "KeepAlive", "Ret" : 100, "SessionID" : "0x0000003A" }

Received string KeepAlive is : { "Name" : "KeepAlive", "Ret" : 100, "SessionID" : "0x0000003A" }

Received string KeepAlive is : { "Name" : "KeepAlive", "Ret" : 100, "SessionID" : "0x0000003A" }

Received string KeepAlive is : { "Name" : "KeepAlive", "Ret" : 100, "SessionID" : "0x0000003A" }

Received string KeepAlive is : { "Name" : "KeepAlive", "Ret" : 100, "SessionID" : "0x0000003A" }

Received string KeepAlive is : { "Name" : "KeepAlive", "Ret" : 100, "SessionID" : "0x0000003A" }

Received string KeepAlive is : { "Name" : "KeepAlive", "Ret" : 100, "SessionID" : "0x0000003A" }

Received string KeepAlive is : { "Name" : "KeepAlive", "Ret" : 100, "SessionID" : "0x0000003A" }

Received string KeepAlive is : { "Name" : "KeepAlive", "Ret" : 100, "SessionID" : "0x0000003A" }

Received string KeepAlive is : { "Name" : "KeepAlive", "Ret" : 100, "SessionID" : "0x0000003A" }

Received string KeepAlive is : { "Name" : "KeepAlive", "Ret" : 100, "SessionID" : "0x0000003A" }

Received string KeepAlive is : { "Name" : "KeepAlive", "Ret" : 100, "SessionID" : "0x0000003A" }

Received string KeepAlive is : { "Name" : "KeepAlive", "Ret" : 100, "SessionID" : "0x0000003A" }

Received string KeepAlive is : { "Name" : "KeepAlive", "Ret" : 100, "SessionID" : "0x0000003A" }

Received string KeepAlive is : { "Name" : "KeepAlive", "Ret" : 100, "SessionID" : "0x0000003A" }

Received string KeepAlive is : { "Name" : "KeepAlive", "Ret" : 100, "SessionID" : "0x0000003A" }

Received string KeepAlive is : { "Name" : "KeepAlive", "Ret" : 100, "SessionID" : "0x0000003A" }

Received string KeepAlive is : { "Name" : "KeepAlive", "Ret" : 100, "SessionID" : "0x0000003A" }

Received string KeepAlive is : { "Name" : "KeepAlive", "Ret" : 100, "SessionID" : "0x0000003A" }

Received string KeepAlive is : { "Name" : "KeepAlive", "Ret" : 100, "SessionID" : "0x0000003A" }

Received string KeepAlive is : { "Name" : "KeepAlive", "Ret" : 100, "SessionID" : "0x0000003A" }

Received string KeepAlive is : { "Name" : "KeepAlive", "Ret" : 100, "SessionID" : "0x0000003A" }

Received string KeepAlive is : { "Name" : "KeepAlive", "Ret" : 100, "SessionID" : "0x0000003A" }

Received string KeepAlive is : { "Name" : "KeepAlive", "Ret" : 100, "SessionID" : "0x0000003A" }

Received string KeepAlive is : { "Name" : "KeepAlive", "Ret" : 100, "SessionID" : "0x0000003A" }

Received string KeepAlive is : { "Name" : "KeepAlive", "Ret" : 100, "SessionID" : "0x0000003A" }

Received string KeepAlive is : { "Name" : "KeepAlive", "Ret" : 100, "SessionID" : "0x0000003A" }

Received string KeepAlive is : { "Name" : "KeepAlive", "Ret" : 100, "SessionID" : "0x0000003A" }

Received string KeepAlive is : { "Name" : "KeepAlive", "Ret" : 100, "SessionID" : "0x0000003A" }

Received string KeepAlive is : { "Name" : "KeepAlive", "Ret" : 100, "SessionID" : "0x0000003A" }

Received string KeepAlive is : { "Name" : "KeepAlive", "Ret" : 100, "SessionID" : "0x0000003A" }

Received string KeepAlive is : { "Name" : "KeepAlive", "Ret" : 100, "SessionID" : "0x0000003A" }

Received string KeepAlive is : { "Name" : "KeepAlive", "Ret" : 100, "SessionID" : "0x0000003A" }

Received string KeepAlive is : { "Name" : "KeepAlive", "Ret" : 100, "SessionID" : "0x0000003A" }

Received string KeepAlive is : { "Name" : "KeepAlive", "Ret" : 100, "SessionID" : "0x0000003A" }

Received string KeepAlive is : { "Name" : "KeepAlive", "Ret" : 100, "SessionID" : "0x0000003A" }

Received string KeepAlive is : { "Name" : "KeepAlive", "Ret" : 100, "SessionID" : "0x0000003A" }

Received string KeepAlive is : { "Name" : "KeepAlive", "Ret" : 100, "SessionID" : "0x0000003A" }

Received string KeepAlive is : { "Name" : "KeepAlive", "Ret" : 100, "SessionID" : "0x0000003A" }

Received string KeepAlive is : { "Name" : "KeepAlive", "Ret" : 100, "SessionID" : "0x0000003A" }

Received string KeepAlive is : { "Name" : "KeepAlive", "Ret" : 100, "SessionID" : "0x0000003A" }

Received string KeepAlive is : { "Name" : "KeepAlive", "Ret" : 100, "SessionID" : "0x0000003A" }

Received string KeepAlive is : { "Name" : "KeepAlive", "Ret" : 100, "SessionID" : "0x0000003A" }

Received string KeepAlive is : { "Name" : "KeepAlive", "Ret" : 100, "SessionID" : "0x0000003A" }

Received string KeepAlive is : { "Name" : "KeepAlive", "Ret" : 100, "SessionID" : "0x0000003A" }

Received string KeepAlive is : { "Name" : "KeepAlive", "Ret" : 100, "SessionID" : "0x0000003A" }

Received string KeepAlive is : { "Name" : "KeepAlive", "Ret" : 100, "SessionID" : "0x0000003A" }

Received string KeepAlive is : { "Name" : "KeepAlive", "Ret" : 100, "SessionID" : "0x0000003A" }

Received string KeepAlive is : { "Name" : "KeepAlive", "Ret" : 100, "SessionID" : "0x0000003A" }

Received string KeepAlive is : { "Name" : "KeepAlive", "Ret" : 100, "SessionID" : "0x0000003A" }

Received string KeepAlive is : { "Name" : "KeepAlive", "Ret" : 100, "SessionID" : "0x0000003A" }

Received string KeepAlive is : { "Name" : "KeepAlive", "Ret" : 100, "SessionID" : "0x0000003A" }

Received string KeepAlive is : { "Name" : "KeepAlive", "Ret" : 100, "SessionID" : "0x0000003A" }

Received string KeepAlive is : { "Name" : "KeepAlive", "Ret" : 100, "SessionID" : "0x0000003A" }

Received string KeepAlive is : { "Name" : "KeepAlive", "Ret" : 100, "SessionID" : "0x0000003A" }

Received string KeepAlive is : { "Name" : "KeepAlive", "Ret" : 100, "SessionID" : "0x0000003A" }

Received string KeepAlive is : { "Name" : "KeepAlive", "Ret" : 100, "SessionID" : "0x0000003A" }

Received string KeepAlive is : { "Name" : "KeepAlive", "Ret" : 100, "SessionID" : "0x0000003A" }

Received string KeepAlive is : { "Name" : "KeepAlive", "Ret" : 100, "SessionID" : "0x0000003A" }

Received string KeepAlive is : { "Name" : "KeepAlive", "Ret" : 100, "SessionID" : "0x0000003A" }

Received string KeepAlive is : { "Name" : "KeepAlive", "Ret" : 100, "SessionID" : "0x0000003A" }

Received string KeepAlive is : { "Name" : "KeepAlive", "Ret" : 100, "SessionID" : "0x0000003A" }

Received string KeepAlive is : { "Name" : "KeepAlive", "Ret" : 100, "SessionID" : "0x0000003A" }

Received string KeepAlive is : { "Name" : "KeepAlive", "Ret" : 100, "SessionID" : "0x0000003A" }

Received string KeepAlive is : { "Name" : "KeepAlive", "Ret" : 100, "SessionID" : "0x0000003A" }

Received string KeepAlive is : { "Name" : "KeepAlive", "Ret" : 100, "SessionID" : "0x0000003A" }

Received string KeepAlive is : { "Name" : "KeepAlive", "Ret" : 100, "SessionID" : "0x0000003A" }

Received string KeepAlive is : { "Name" : "KeepAlive", "Ret" : 100, "SessionID" : "0x0000003A" }

Received string KeepAlive is : { "Name" : "KeepAlive", "Ret" : 100, "SessionID" : "0x0000003A" }

Received string KeepAlive is : { "Name" : "KeepAlive", "Ret" : 100, "SessionID" : "0x0000003A" }

Received string KeepAlive is : { "Name" : "KeepAlive", "Ret" : 100, "SessionID" : "0x0000003A" }

Received string KeepAlive is : { "Nam