Socket on 192.168.109.18 created successfully!
Received -163754450 string is : { "AliveInterval" : 20, "ChannelNum" : 1, "DeviceType " : "IPC", "ExtraChannel" : 0, "Ret" : 100, "SessionID" : "0x0000003D" }
;
session id is : 0x0000003D
Send Name SystemInfo: {"Name":"SystemInfo","SessionID":"0x0000003D"}
Received string  SystemInfo is : { "Name" : "SystemInfo", "Ret" : 100, "SessionID" : "0x3d", "SystemInfo" : { "AlarmInChannel" : 2, "AlarmOutChannel" : 1, "AudioInChannel" : 1, "BuildTime" : "2013-12-16 15:22:15", "CombineSwitch" : 0, "DeviceRunTime" : "0x0000231E", "DigChannel" : 0, "EncryptVersion" : "Unknown", "ExtraChannel" : 0, "HardWare" : "50H10L_S39", "HardWareVersion" : "Unknown", "SerialNo" : "c1a7bbbc32a82d7a", "SoftWareVersion" : "V4.02.R11.00002510.10010", "TalkInChannel" : 1, "TalkOutChannel" : 1, "UpdataTime" : "", "UpdataType" : "0x00000000", "VideoInChannel" : 1, "VideoOutChannel" : 1 } }
;
Send KeepAlive {"Name":"KeepAlive","SessionID":"0x0000003D"}
Received string KeepAlive is : { "Name" : "KeepAlive", "Ret" : 100, "SessionID" : "0x0000003D" }

size of now ===== 19
Time setting {"Name":"OPTimeSettingNoRTC","OPTimeSettingNoRTC":"2014-04-18 10:31:21","SessionID":"0x0000003D"}
Send name & session id again : {"Name":"","SessionID":"0x0000003D"}
Received string Last 1 is : { "Name" : "", "Ret" : 100, "SessionID" : "0x0000003D" }

Received string Last 2 is : { "Name" : "", "Ret" : 100, "SessionID" : "0x0000003D" }

Second connect connected successfully!
Send OPMonitor in child process :: {"Name":"OPMonitor","OPMonitor":{"Action":"Claim","Parameter":{"Channel":0,"CombinMode":"NONE","StreamType":"Main","TransMode":"TCP"}},"SessionID":"0x0000003D"}
Child receive 1:Received string OPMonitor in child is : { "Name" : "OPMonitor", "Ret" : 100, "SessionID" : "0x0000003D" }

Socket on 192.168.109.18 created successfully!
Received -1226446344 string is : { "AliveInterval" : 20, "ChannelNum" : 1, "DeviceType " : "IPC", "ExtraChannel" : 0, "Ret" : 100, "SessionID" : "0x00000001" }
;
session id is : 0x00000001
Send Name SystemInfo: {"Name":"SystemInfo","SessionID":"0x00000001"}
Received string  SystemInfo is : { "Name" : "SystemInfo", "Ret" : 100, "SessionID" : "0x1", "SystemInfo" : { "AlarmInChannel" : 2, "AlarmOutChannel" : 1, "AudioInChannel" : 1, "BuildTime" : "2013-12-16 15:22:15", "CombineSwitch" : 0, "DeviceRunTime" : "0x000028FA", "DigChannel" : 0, "EncryptVersion" : "Unknown", "ExtraChannel" : 0, "HardWare" : "50H10L_S39", "HardWareVersion" : "Unknown", "SerialNo" : "c1a7bbbc32a82d7a", "SoftWareVersion" : "V4.02.R11.00002510.10010", "TalkInChannel" : 1, "TalkOutChannel" : 1, "UpdataTime" : "", "UpdataType" : "0x00000000", "VideoInChannel" : 1, "VideoOutChannel" : 1 } }
;
Send KeepAlive {"Name":"KeepAlive","SessionID":"0x00000001"}
Received string KeepAlive is : { "Name" : "KeepAlive", "Ret" : 100, "SessionID" : "0x00000001" }

size of now ===== 19
Time setting {"Name":"OPTimeSettingNoRTC","OPTimeSettingNoRTC":"2014-05-11 12:49:47","SessionID":"0x00000001"}
Send name & session id again : {"Name":"","SessionID":"0x00000001"}
Received string Last 1 is : { "Name" : "", "Ret" : 100, "SessionID" : "0x00000001" }

Received string Last 2 is : { "Name" : "", "Ret" : 100, "SessionID" : "0x00000001" }

Second connect connected successfully!
Send OPMonitor in child process :: {"Name":"OPMonitor","OPMonitor":{"Action":"Claim","Parameter":{"Channel":0,"CombinMode":"NONE","StreamType":"Main","TransMode":"TCP"}},"SessionID":"0x00000001"}
Child receive 1:Received string OPMonitor in child is : { "Name" : "OPMonitor", "Ret" : 100, "SessionID" : "0x00000001" }

Socket on 192.168.109.18 created successfully!
connect error: No route to host
Socket on 192.168.109.18 created successfully!
connect error: No route to host
Socket on 192.168.109.18 created successfully!
connect error: No route to host
Socket on 192.168.109.18 created successfully!
connect error: No route to host
Socket on 192.168.109.18 created successfully!
connect error: No route to host
Socket on 192.168.109.18 created successfully!
connect error: No route to host
Socket on 192.168.109.18 created successfully!
connect error: No route to host
Socket on 192.168.109.18 created successfully!
connect error: No route to host
Socket on 192.168.109.18 created successfully!
connect error: Connection refused
Socket on 192.168.109.18 created successfully!
Received -1226851848 string is : { "AliveInterval" : 20, "ChannelNum" : 1, "DeviceType " : "IPC", "ExtraChannel" : 0, "Ret" : 100, "SessionID" : "0x00000001" }
;
session id is : 0x00000001
Send Name SystemInfo: {"Name":"SystemInfo","SessionID":"0x00000001"}
Received string  SystemInfo is : { "Name" : "SystemInfo", "Ret" : 100, "SessionID" : "0x1", "SystemInfo" : { "AlarmInChannel" : 2, "AlarmOutChannel" : 1, "AudioInChannel" : 1, "BuildTime" : "2013-12-16 15:22:15", "CombineSwitch" : 0, "DeviceRunTime" : "0x00002914", "DigChannel" : 0, "EncryptVersion" : "Unknown", "ExtraChannel" : 0, "HardWare" : "50H10L_S39", "HardWareVersion" : "Unknown", "SerialNo" : "c1a7bbbc32a82d7a", "SoftWareVersion" : "V4.02.R11.00002510.10010", "TalkInChannel" : 1, "TalkOutChannel" : 1, "UpdataTime" : "", "UpdataType" : "0x00000000", "VideoInChannel" : 1, "VideoOutChannel" : 1 } }
;
Send KeepAlive {"Name":"KeepAlive","SessionID":"0x00000001"}
Received string KeepAlive is : { "Name" : "KeepAlive", "Ret" : 100, "SessionID" : "0x00000001" }

size of now ===== 19
Time setting {"Name":"OPTimeSettingNoRTC","OPTimeSettingNoRTC":"2014-05-11 16:08:37","SessionID":"0x00000001"}
Send name & session id again : {"Name":"","SessionID":"0x00000001"}
Received string Last 1 is : { "Name" : "", "Ret" : 100, "SessionID" : "0x00000001" }

Received string Last 2 is : { "Name" : "", "Ret" : 100, "SessionID" : "0x00000001" }

Send OPMonitor in father  process :: {"Name":"OPMonitor","OPMonitor":{"Action":"Start","Parameter":{"Channel":0,"CombinMode":"NONE","StreamType":"Main","TransMode":"TCP"}},"SessionID":"0x00000001"}
Parent receive 1:
Empty thing-----------
Main is running at 2014-05-11 16:08:59
Main is running at 2014-05-11 16:09:19
Main is running at 2014-05-11 16:09:39
Main is running at 2014-05-11 16:09:59
Main is running at 2014-05-11 16:10:19
Main is running at 2014-05-11 16:10:39
Main is running at 2014-05-11 16:10:59
Main is running at 2014-05-11 16:11:19
Main is running at 2014-05-11 16:11:39
Main is running at 2014-05-11 16:11:59
Main is running at 2014-05-11 16:12:19
Main is running at 2014-05-11 16:12:39
Main is running at 2014-05-11 16:12:59
Main is running at 2014-05-11 16:13:19
Main is running at 2014-05-11 16:13:39
Main is running at 2014-05-11 16:13:59
Main is running at 2014-05-11 16:14:19
Main is running at 2014-05-11 16:14:39
Main is running at 2014-05-11 16:14:59
Main is running at 2014-05-11 16:15:19
Main is running at 2014-05-11 16:15:39
Main is running at 2014-05-11 16:15:59
Main is running at 2014-05-11 16:16:19
Main is running at 2014-05-11 16:16:39
Main is running at 2014-05-11 16:16:59
Main is running at 2014-05-11 16:17:19
Main is running at 2014-05-11 16:17:39
Main is running at 2014-05-11 16:17:59
Main is running at 2014-05-11 16:18:19
Main is running at 2014-05-11 16:18:39
Main is running at 2014-05-11 16:18:59
Main is running at 2014-05-11 16:19:19
Main is running at 2014-05-11 16:19:39
Main is running at 2014-05-11 16:19:59
Main is running at 2014-05-11 16:20:19
Main is running at 2014-05-11 16:20:39
Main is running at 2014-05-11 16:20:59
Main is running at 2014-05-11 16:21:19
Main is running at 2014-05-11 16:21:39
Main is running at 2014-05-11 16:21:59
Main is running at 2014-05-11 16:22:19
Main is running at 2014-05-11 16:22:39
Main is running at 2014-05-11 16:22:59
Main is running at 2014-05-11 16:23:19
Main is running at 2014-05-11 16:23:39
Main is running at 2014-05-11 16:23:59
Main is running at 2014-05-11 16:24:19
Main is running at 2014-05-11 16:24:39
Main is running at 2014-05-11 16:24:59
Main is running at 2014-05-11 16:25:19
Main is running at 2014-05-11 16:25:39
Main is running at 2014-05-11 16:25:59
Main is running at 2014-05-11 16:26:19
Main is running at 2014-05-11 16:26:39
Main is running at 2014-05-11 16:26:59
Main is running at 2014-05-11 16:27:19
Main is running at 2014-05-11 16:27:39
Main is running at 2014-05-11 16:27:59
Main is running at 2014-05-11 16:28:19
Main is running at 2014-05-11 16:28:39
Main is running at 2014-05-11 16:28:59
Main is running at 2014-05-11 16:29:19
Main is running at 2014-05-11 16:29:39
Main is running at 2014-05-11 16:29:59
Main is running at 2014-05-11 16:30:19
Main is running at 2014-05-11 16:30:39
Main is running at 2014-05-11 16:30:59
Main is running at 2014-05-11 16:31:19
Main is running at 2014-05-11 16:31:39
Main is running at 2014-05-11 16:31:59
Main is running at 2014-05-11 16:32:19
Main is running at 2014-05-11 16:32:39
Main is running at 2014-05-11 16:32:59
Main is running at 2014-05-11 16:33:19
Main is running at 2014-05-11 16:33:39
Main is running at 2014-05-11 16:33:59
Main is running at 2014-05-11 16:34:19
Main is running at 2014-05-11 16:34:39
Main is running at 2014-05-11 16:34:59
Main is running at 2014-05-11 16:35:19
Main is running at 2014-05-11 16:35:39
Main is running at 2014-05-11 16:35:59
Main is running at 2014-05-11 16:36:19
Main is running at 2014-05-11 16:36:39
Main is running at 2014-05-11 16:36:59
Main is running at 2014-05-11 16:37:19
Main is running at 2014-05-11 16:37:39
Main is running at 2014-05-11 16:37:59
Main is running at 2014-05-11 16:38:19
Main is running at 2014-05-11 16:38:39
Main is running at 2014-05-11 16:38:59
Main is running at 2014-05-11 16:39:19
Main is running at 2014-05-11 16:39:39
Main is running at 2014-05-11 16:39:59
Main is running at 2014-05-11 16:40:19
Main is running at 2014-05-11 16:40:39
Main is running at 2014-05-11 16:40:59
Main is running at 2014-05-11 16:41:19
Main is running at 2014-05-11 16:41:39
Main is running at 2014-05-11 16:41:59
Main is running at 2014-05-11 16:42:19
Main is running at 2014-05-11 16:42:39
Main is running at 2014-05-11 16:42:59
Main is running at 2014-05-11 16:43:19
Main is running at 2014-05-11 16:43:39
Main is running at 2014-05-11 16:43:59
Main is running at 2014-05-11 16:44:19
Main is running at 2014-05-11 16:44:39
Main is running at 2014-05-11 16:44:59
Main is running at 2014-05-11 16:45:19
Main is running at 2014-05-11 16:45:39
Main is running at 2014-05-11 16:45:59
Main is running at 2014-05-11 16:46:19
Main is running at 2014-05-11 16:46:39
Main is running at 2014-05-11 16:46:59
Main is running at 2014-05-11 16:47:19
Main is running at 2014-05-11 16:47:39
Main is running at 2014-05-11 16:47:59
Main is running at 2014-05-11 16:48:19
Main is running at 2014-05-11 16:48:39
Main is running at 2014-05-11 16:48:59
Main is running at 2014-05-11 16:49:19
Main is running at 2014-05-11 16:49:39
Main is running at 2014-05-11 16:49:59
Main is running at 2014-05-11 16:50:19
Main is running at 2014-05-11 16:50:39
Main is running at 2014-05-11 16:50:59
Main is running at 2014-05-11 16:51:19
Main is running at 2014-05-11 16:51:39
Main is running at 2014-05-11 16:51:59
Main is running at 2014-05-11 16:52:19
Main is running at 2014-05-11 16:52:39
Main is running at 2014-05-11 16:52:59
Main is running at 2014-05-11 16:53:19
Main is running at 2014-05-11 16:53:39
Main is running at 2014-05-11 16:53:59
Main is running at 2014-05-11 16:54:19
Main is running at 2014-05-11 16:54:39
Main is running at 2014-05-11 16:54:59
Main is running at 2014-05-11 16:55:19
Main is running at 2014-05-11 16:55:39
Main is running at 2014-05-11 16:55:59
Main is running at 2014-05-11 16:56:19
Main is running at 2014-05-11 16:56:39
Main is running at 2014-05-11 16:56:59
Main is running at 2014-05-11 16:57:19
Main is running at 2014-05-11 16:57:39
Main is running at 2014-05-11 16:57:59
Main is running at 2014-05-11 16:58:19
Main is running at 2014-05-11 16:58:39
Main is running at 2014-05-11 16:58:59
Main is running at 2014-05-11 16:59:19
Main is running at 2014-05-11 16:59:39
Main is running at 2014-05-11 16:59:59
Main is running at 2014-05-11 17:00:19
Main is running at 2014-05-11 17:00:39
Main is running at 2014-05-11 17:00:59
Main is running at 2014-05-11 17:01:19
Main is running at 2014-05-11 17:01:39
Main is running at 2014-05-11 17:01:59
Main is running at 2014-05-11 17:02:19
Main is running at 2014-05-11 17:02:39
Main is running at 2014-05-11 17:02:59
Main is running at 2014-05-11 17:03:19
Main is running at 2014-05-11 17:03:39
Main is running at 2014-05-11 17:03:59
Main is running at 2014-05-11 17:04:19
Main is running at 2014-05-11 17:04:39
Main is running at 2014-05-11 17:04:59
Main is running at 2014-05-11 17:05:19
Main is running at 2014-05-11 17:05:39
Main is running at 2014-05-11 17:05:59
Main is running at 2014-05-11 17:06:19
Main is running at 2014-05-11 17:06:39
Main is running at 2014-05-11 17:06:59
Main is running at 2014-05-11 17:07:19
Main is running at 2014-05-11 17:07:39
Main is running at 2014-05-11 17:07:59
Main is running at 2014-05-11 17:08:19
Main is running at 2014-05-11 17:08:39
Main is running at 2014-05-11 17:08:59
Main is running at 2014-05-11 17:09:19
Main is running at 2014-05-11 17:09:39
Main is running at 2014-05-11 17:09:59
Main is running at 2014-05-11 17:10:19
Main is running at 2014-05-11 17:10:39
Main is running at 2014-05-11 17:10:59
Main is running at 2014-05-11 17:11:19
Main is running at 2014-05-11 17:11:39
Main is running at 2014-05-11 17:11:59
Main is running at 2014-05-11 17:12:19
Main is running at 2014-05-11 17:12:39
Main is running at 2014-05-11 17:12:59
Main is running at 2014-05-11 17:13:19
Main is running at 2014-05-11 17:13:39
Main is running at 2014-05-11 17:13:59
Main is running at 2014-05-11 17:14:19
Main is running at 2014-05-11 17:14:39
Main is running at 2014-05-11 17:14:59
Main is running at 2014-05-11 17:15:19
Main is running at 2014-05-11 17:15:39
Main is running at 2014-05-11 17:15:59
Main is running at 2014-05-11 17:16:19
Main is running at 2014-05-11 17:16:39
Main is running at 2014-05-11 17:16:59
Main is running at 2014-05-11 17:17:19
Main is running at 2014-05-11 17:17:39
Main is running at 2014-05-11 17:17:59
Main is running at 2014-05-11 17:18:19
Main is running at 2014-05-11 17:18:39
Main is running at 2014-05-11 17:18:59
Main is running at 2014-05-11 17:19:19
Main is running at 2014-05-11 17:19:39
Main is running at 2014-05-11 17:19:59
Main is running at 2014-05-11 17:20:19
Main is running at 2014-05-11 17:20:39
Main is running at 2014-05-11 17:20:59
Main is running at 2014-05-11 17:21:19
Main is running at 2014-05-11 17:21:39
Main is running at 2014-05-11 17:21:59
Main is running at 2014-05-11 17:22:19
Main is running at 2014-05-11 17:22:39
Main is running at 2014-05-11 17:22:59
Main is running at 2014-05-11 17:23:19
Main is running at 2014-05-11 17:23:39
Main is running at 2014-05-11 17:23:59
Main is running at 2014-05-11 17:24:19
Main is running at 2014-05-11 17:24:39
Main is running at 2014-05-11 17:24:59
Main is running at 2014-05-11 17:25:19
Main is running at 2014-05-11 17:25:39
Main is running at 2014-05-11 17:25:59
Main is running at 2014-05-11 17:26:19
Main is running at 2014-05-11 17:26:39
Main is running at 2014-05-11 17:26:59
Main is running at 2014-05-11 17:27:19
Main is running at 2014-05-11 17:27:39
Main is running at 2014-05-11 17:27:59
Main is running at 2014-05-11 17:28:19
Main is running at 2014-05-11 17:28:39
Main is running at 2014-05-11 17:28:59
Main is running at 2014-05-11 17:29:19
Main is running at 2014-05-11 17:29:39
Main is running at 2014-05-11 17:29:59
Main is running at 2014-05-11 17:30:19
Main is running at 2014-05-11 17:30:39
Main is running at 2014-05-11 17:30:59
Main is running at 2014-05-11 17:31:19
Main is running at 2014-05-11 17:31:39
Main is running at 2014-05-11 17:31:59
Main is running at 2014-05-11 17:32:19
Main is running at 2014-05-11 17:32:39
Main is running at 2014-05-11 17:32:59
Main is running at 2014-05-11 17:33:19
Main is running at 2014-05-11 17:33:39
Main is running at 2014-05-11 17:33:59
Main is running at 2014-05-11 17:34:19
Main is running at 2014-05-11 17:34:39
Main is running at 2014-05-11 17:34:59
Main is running at 2014-05-11 17:35:19
Main is running at 2014-05-11 17:35:39
Main is running at 2014-05-11 17:35:59
Main is running at 2014-05-11 17:36:19
Main is running at 2014-05-11 17:36:39
Main is running at 2014-05-11 17:36:59
Main is running at 2014-05-11 17:37:19
Main is running at 2014-05-11 17:37:39
Main is running at 2014-05-11 17:37:59
Main is running at 2014-05-11 17:38:19
Main is running at 2014-05-11 17:38:39
Main is running at 2014-05-11 17:38:59
Main is running at 2014-05-11 17:39:19
Main is running at 2014-05-11 17:39:39
Main is running at 2014-05-11 17:39:59
Main is running at 2014-05-11 17:40:19
Main is running at 2014-05-11 17:40:39
Main is running at 2014-05-11 17:40:59
Main is running at 2014-05-11 17:41:19
Main is running at 2014-05-11 17:41:39
Main is running at 2014-05-11 17:41:59
Main is running at 2014-05-11 17:42:19
Main is running at 2014-05-11 17:42:39
Main is running at 2014-05-11 17:42:59
Main is running at 2014-05-11 17:43:19
Main is running at 2014-05-11 17:43:39
Main is running at 2014-05-11 17:43:59
Main is running at 2014-05-11 17:44:19
Main is running at 2014-05-11 17:44:39
Main is running at 2014-05-11 17:44:59
Main is running at 2014-05-11 17:45:19
Main is running at 2014-05-11 17:45:39
Main is running at 2014-05-11 17:45:59
Main is running at 2014-05-11 17:46:19
Main is running at 2014-05-11 17:46:39
Main is running at 2014-05-11 17:46:59
Main is running at 2014-05-11 17:47:19
Main is running at 2014-05-11 17:47:39
Main is running at 2014-05-11 17:47:59
Main is running at 2014-05-11 17:48:19
Main is running at 2014-05-11 17:48:39
Main is running at 2014-05-11 17:48:59
Main is running at 2014-05-11 17:49:19
Main is running at 2014-05-11 17:49:39
Main is running at 2014-05-11 17:49:59
Main is running at 2014-05-11 17:50:19
Main is running at 2014-05-11 17:50:39
Main is running at 2014-05-11 17:50:59
Main is running at 2014-05-11 17:51:19
Main is running at 2014-05-11 17:51:39
Main is running at 2014-05-11 17:51:59
Main is running at 2014-05-11 17:52:19
Main is running at 2014-05-11 17:52:39
Main is running at 2014-05-11 17:52:59
Main is running at 2014-05-11 17:53:19
Main is running at 2014-05-11 17:53:39
Main is running at 2014-05-11 17:53:59
Main is running at 2014-05-11 17:54:19
Main is running at 2014-05-11 17:54:39
Main is running at 2014-05-11 17:54:59
Main is running at 2014-05-11 17:55:19
Main is running at 2014-05-11 17:55:39
Main is running at 2014-05-11 17:55:59
Main is running at 2014-05-11 17:56:19
Main is running at 2014-05-11 17:56:39
Main is running at 2014-05-11 17:56:59
Main is running at 2014-05-11 17:57:19
Main is running at 2014-05-11 17:57:39
Main is running at 2014-05-11 17:57:59
Main is running at 2014-05-11 17:58:19
Main is running at 2014-05-11 17:58:39
Main is running at 2014-05-11 17:58:59
Main is running at 2014-05-11 17:59:19
Main is running at 2014-05-11 17:59:39
Main is running at 2014-05-11 17:59:59
Main is running at 2014-05-11 18:00:19
Main is running at 2014-05-11 18:00:39
Main is running at 2014-05-11 18:00:59
Main is running at 2014-05-11 18:01:19
Main is running at 2014-05-11 18:01:39
Main is running at 2014-05-11 18:01:59
Main is running at 2014-05-11 18:02:19
Main is running at 2014-05-11 18:02:39
Main is running at 2014-05-11 18:02:59
Main is running at 2014-05-11 18:03:19
Main is running at 2014-05-11 18:03:39
Main is running at 2014-05-11 18:03:59
Main is running at 2014-05-11 18:04:19
Main is running at 2014-05-11 18:04:39
Main is running at 2014-05-11 18:04:59
Main is running at 2014-05-11 18:05:19
Main is running at 2014-05-11 18:05:39
Main is running at 2014-05-11 18:05:59
Main is running at 2014-05-11 18:06:19
Main is running at 2014-05-11 18:06:39
Main is running at 2014-05-11 18:06:59
Main is running at 2014-05-11 18:07:19
Main is running at 2014-05-11 18:07:39
Main is running at 2014-05-11 18:07:59
Main is running at 2014-05-11 18:08:19
Main is running at 2014-05-11 18:08:39
Main is running at 2014-05-11 18:08:59
Main is running at 2014-05-11 18:09:19
Main is running at 2014-05-11 18:09:39
Main is running at 2014-05-11 18:09:59
Main is running at 2014-05-11 18:10:19
Main is running at 2014-05-11 18:10:39
Main is running at 2014-05-11 18:10:59
Main is running at 2014-05-11 18:11:19
Main is running at 2014-05-11 18:11:39
Main is running at 2014-05-11 18:11:59
Main is running at 2014-05-11 18:12:19
Main is running at 2014-05-11 18:12:39
Main is running at 2014-05-11 18:12:59
Main is running at 2014-05-11 18:13:19
Main is running at 2014-05-11 18:13:39
Main is running at 2014-05-11 18:13:59
Main is running at 2014-05-11 18:14:19
Main is running at 2014-05-11 18:14:39
Main is running at 2014-05-11 18:14:59
Main is running at 2014-05-11 18:15:19
Main is running at 2014-05-11 18:15:39
Main is running at 2014-05-11 18:15:59
Main is running at 2014-05-11 18:16:19
Main is running at 2014-05-11 18:16:39
Main is running at 2014-05-11 18:16:59
Main is running at 2014-05-11 18:17:19
Main is running at 2014-05-11 18:17:39
Main is running at 2014-05-11 18:17:59
Main is running at 2014-05-11 18:18:19
Main is running at 2014-05-11 18:18:39
Main is running at 2014-05-11 18:18:59
Main is running at 2014-05-11 18:19:19
Main is running at 2014-05-11 18:19:39
Main is running at 2014-05-11 18:19:59
Main is running at 2014-05-11 18:20:19
Main is running at 2014-05-11 18:20:39
Main is running at 2014-05-11 18:20:59
Main is running at 2014-05-11 18:21:19
Main is running at 2014-05-11 18:21:39
Main is running at 2014-05-11 18:21:59
Main is running at 2014-05-11 18:22:19
Main is running at 2014-05-11 18:22:39
Main is running at 2014-05-11 18:22:59
Main is running at 2014-05-11 18:23:19
Main is running at 2014-05-11 18:23:39
Main is running at 2014-05-11 18:23:59
Main is running at 2014-05-11 18:24:19
Main is running at 2014-05-11 18:24:39
Main is running at 2014-05-11 18:24:59
Main is running at 2014-05-11 18:25:19
Main is running at 2014-05-11 18:25:39
Main is running at 2014-05-11 18:25:59
Main is running at 2014-05-11 18:26:19
Main is running at 2014-05-11 18:26:39
Main is running at 2014-05-11 18:26:59
Main is running at 2014-05-11 18:27:19
Main is running at 2014-05-11 18:27:39
Main is running at 2014-05-11 18:27:59
Main is running at 2014-05-11 18:28:19
Main is running at 2014-05-11 18:28:39
Main is running at 2014-05-11 18:28:59
Main is running at 2014-05-11 18:29:19
Main is running at 2014-05-11 18:29:39
Main is running at 2014-05-11 18:29:59
Main is running at 2014-05-11 18:30:19
Main is running at 2014-05-11 18:30:39
Main is running at 2014-05-11 18:30:59
Main is running at 2014-05-11 18:31:19
Main is running at 2014-05-11 18:31:39
Main is running at 2014-05-11 18:31:59
Main is running at 2014-05-11 18:32:19
Main is running at 2014-05-11 18:32:39
Main is running at 2014-05-11 18:32:59
Main is running at 2014-05-11 18:33:19
Main is running at 2014-05-11 18:33:39
Main is running at 2014-05-11 18:33:59
Main is running at 2014-05-11 18:34:19
Main is running at 2014-05-11 18:34:39
Main is running at 2014-05-11 18:34:59
Main is running at 2014-05-11 18:35:19
Main is running at 2014-05-11 18:35:39
Main is running at 2014-05-11 18:35:59
Main is running at 2014-05-11 18:36:19
Main is running at 2014-05-11 18:36:39
Main is running at 2014-05-11 18:36:59
Main is running at 2014-05-11 18:37:19
Main is running at 2014-05-11 18:37:39
Main is running at 2014-05-11 18:37:59
Main is running at 2014-05-11 18:38:19
Main is running at 2014-05-11 18:38:39
Main is running at 2014-05-11 18:38:59
Main is running at 2014-05-11 18:39:19
Main is running at 2014-05-11 18:39:39
Main is running at 2014-05-11 18:39:59
Main is running at 2014-05-11 18:40:19
Main is running at 2014-05-11 18:40:39
Main is running at 2014-05-11 18:40:59
Main is running at 2014-05-11 18:41:19
Main is running at 2014-05-11 18:41:39
Main is running at 2014-05-11 18:41:59
Main is running at 2014-05-11 18:42:19
Main is running at 2014-05-11 18:42:39
Main is running at 2014-05-11 18:42:59
Main is running at 2014-05-11 18:43:19
Main is running at 2014-05-11 18:43:39
Main is running at 2014-05-11 18:43:59
Main is running at 2014-05-11 18:44:19
Main is running at 2014-05-11 18:44:39
Main is running at 2014-05-11 18:44:59
Main is running at 2014-05-11 18:45:19
Main is running at 2014-05-11 18:45:39
Main is running at 2014-05-11 18:45:59
Main is running at 2014-05-11 18:46:19
Main is running at 2014-05-11 18:46:39
Main is running at 2014-05-11 18:46:59
Main is running at 2014-05-11 18:47:19
Main is running at 2014-05-11 18:47:39
Main is running at 2014-05-11 18:47:59
Main is running at 2014-05-11 18:48:19
Main is running at 2014-05-11 18:48:39
Main is running at 2014-05-11 18:48:59
Main is running at 2014-05-11 18:49:19
Main is running at 2014-05-11 18:49:39
Main is running at 2014-05-11 18:49:59
Main is running at 2014-05-11 18:50:19
Main is running at 2014-05-11 18:50:39
Main is running at 2014-05-11 18:50:59
Main is running at 2014-05-11 18:51:19
Main is running at 2014-05-11 18:51:39
Main is running at 2014-05-11 18:51:59
Main is running at 2014-05-11 18:52:19
Main is running at 2014-05-11 18:52:39
Main is running at 2014-05-11 18:52:59
Main is running at 2014-05-11 18:53:19
Main is running at 2014-05-11 18:53:39
Main is running at 2014-05-11 18:53:59
Main is running at 2014-05-11 18:54:19
Main is running at 2014-05-11 18:54:39
Main is running at 2014-05-11 18:54:59
Main is running at 2014-05-11 18:55:19
Main is running at 2014-05-11 18:55:39
Main is running at 2014-05-11 18:55:59
Main is running at 2014-05-11 18:56:19
Main is running at 2014-05-11 18:56:39
Main is running at 2014-05-11 18:56:59
Main is running at 2014-05-11 18:57:19
Main is running at 2014-05-11 18:57:39
Main is running at 2014-05-11 18:57:59
Main is running at 2014-05-11 18:58:19
Main is running at 2014-05-11 18:58:39
Main is running at 2014-05-11 18:58:59
Main is running at 2014-05-11 18:59:19
Main is running at 2014-05-11 18:59:39
Main is running at 2014-05-11 18:59:59
Main is running at 2014-05-11 19:00:19
Main is running at 2014-05-11 19:00:39
Main is running at 2014-05-11 19:00:59
Main is running at 2014-05-11 19:01:19
Main is running at 2014-05-11 19:01:39
Main is running at 2014-05-11 19:01:59
Main is running at 2014-05-11 19:02:19
Main is running at 2014-05-11 19:02:39
Main is running at 2014-05-11 19:02:59
Main is running at 2014-05-11 19:03:19
Main is running at 2014-05-11 19:03:39
Main is running at 2014-05-11 19:03:59
Main is running at 2014-05-11 19:04:19
Main is running at 2014-05-11 19:04:39
Main is running at 2014-05-11 19:04:59
Main is running at 2014-05-11 19:05:19
Main is running at 2014-05-11 19:05:39
Main is running at 2014-05-11 19:05:59
Main is running at 2014-05-11 19:06:19
Main is running at 2014-05-11 19:06:39
Main is running at 2014-05-11 19:06:59
Main is running at 2014-05-11 19:07:19
Main is running at 2014-05-11 19:07:39
Main is running at 2014-05-11 19:07:59
Main is running at 2014-05-11 19:08:19
Main is running at 2014-05-11 19:08:39
Main is running at 2014-05-11 19:08:59
Main is running at 2014-05-11 19:09:19
Main is running at 2014-05-11 19:09:39
Main is running at 2014-05-11 19:09:59
Main is running at 2014-05-11 19:10:19
Main is running at 2014-05-11 19:10:39
Main is running at 2014-05-11 19:10:59
Main is running at 2014-05-11 19:11:19
Main is running at 2014-05-11 19:11:39
Main is running at 2014-05-11 19:11:59
Main is running at 2014-05-11 19:12:19
Main is running at 2014-05-11 19:12:39
Main is running at 2014-05-11 19:12:59
Main is running at 2014-05-11 19:13:19
Main is running at 2014-05-11 19:13:39
Main is running at 2014-05-11 19:13:59
Main is running at 2014-05-11 19:14:19
Main is running at 2014-05-11 19:14:39
Main is running at 2014-05-11 19:14:59
Main is running at 2014-05-11 19:15:19
Main is running at 2014-05-11 19:15:39
Main is running at 2014-05-11 19:15:59
Main is running at 2014-05-11 19:16:19
Main is running at 2014-05-11 19:16:39
Main is running at 2014-05-11 19:16:59
Main is running at 2014-05-11 19:17:19
Main is running at 2014-05-11 19:17:39
Main is running at 2014-05-11 19:17:59
Main is running at 2014-05-11 19:18:19
Main is running at 2014-05-11 19:18:39
Main is running at 2014-05-11 19:18:59
Main is running at 2014-05-11 19:19:19
Main is running at 2014-05-11 19:19:39
Main is running at 2014-05-11 19:19:59
Main is running at 2014-05-11 19:20:19
Main is running at 2014-05-11 19:20:39
Main is running at 2014-05-11 19:20:59
Main is running at 2014-05-11 19:21:19
Main is running at 2014-05-11 19:21:39
Main is running at 2014-05-11 19:21:59
Main is running at 2014-05-11 19:22:19
Main is running at 2014-05-11 19:22:39
Main is running at 2014-05-11 19:22:59
Main is running at 2014-05-11 19:23:19
Main is running at 2014-05-11 19:23:39
Main is running at 2014-05-11 19:23:59
Main is running at 2014-05-11 19:24:19
Main is running at 2014-05-11 19:24:39
Main is running at 2014-05-11 19:24:59
Main is running at 2014-05-11 19:25:19
Main is running at 2014-05-11 19:25:39
Main is running at 2014-05-11 19:25:59
Main is running at 2014-05-11 19:26:19
Main is running at 2014-05-11 19:26:39
Main is running at 2014-05-11 19:26:59
Main is running at 2014-05-11 19:27:19
Main is running at 2014-05-11 19:27:39
Main is running at 2014-05-11 19:27:59
Main is running at 2014-05-11 19:28:19
Main is running at 2014-05-11 19:28:39
Main is running at 2014-05-11 19:28:59
Main is running at 2014-05-11 19:29:19
Main is running at 2014-05-11 19:29:39
Main is running at 2014-05-11 19:29:59
Main is running at 2014-05-11 19:30:19
Main is running at 2014-05-11 19:30:39
Main is running at 2014-05-11 19:30:59
Main is running at 2014-05-11 19:31:19
Main is running at 2014-05-11 19:31:39
Main is running at 2014-05-11 19:31:59
Main is running at 2014-05-11 19:32:19
Main is running at 2014-05-11 19:32:39
Main is running at 2014-05-11 19:32:59
Main is running at 2014-05-11 19:33:19
Main is running at 2014-05-11 19:33:39
Main is running at 2014-05-11 19:33:59
Main is running at 2014-05-11 19:34:19
Main is running at 2014-05-11 19:34:39
Main is running at 2014-05-11 19:34:59
Main is running at 2014-05-11 19:35:19
Main is running at 2014-05-11 19:35:39
Main is running at 2014-05-11 19:35:59
Main is running at 2014-05-11 19:36:19
Main is running at 2014-05-11 19:36:39
Main is running at 2014-05-11 19:36:59
Main is running at 2014-05-11 19:37:19
Main is running at 2014-05-11 19:37:39
Main is running at 2014-05-11 19:37:59
Main is running at 2014-05-11 19:38:19
Main is running at 2014-05-11 19:38:39
Main is running at 2014-05-11 19:38:59
Main is running at 2014-05-11 19:39:19
Main is running at 2014-05-11 19:39:39
Main is running at 2014-05-11 19:39:59
Main is running at 2014-05-11 19:40:19
Main is running at 2014-05-11 19:40:39
Main is running at 2014-05-11 19:40:59
Main is running at 2014-05-11 19:41:19
Main is running at 2014-05-11 19:41:39
Main is running at 2014-05-11 19:41:59
Main is running at 2014-05-11 19:42:19
Main is running at 2014-05-11 19:42:39
Main is running at 2014-05-11 19:42:59
Main is running at 2014-05-11 19:43:19
Main is running at 2014-05-11 19:43:39
Main is running at 2014-05-11 19:43:59
Main is running at 2014-05-11 19:44:19
Main is running at 2014-05-11 19:44:39
Main is running at 2014-05-11 19:44:59
Main is running at 2014-05-11 19:45:19
Main is running at 2014-05-11 19:45:39
Main is running at 2014-05-11 19:45:59
Main is running at 2014-05-11 19:46:19
Main is running at 2014-05-11 19:46:39
Main is running at 2014-05-11 19:46:59
Main is running at 2014-05-11 19:47:19
Main is running at 2014-05-11 19:47:39
Main is running at 2014-05-11 19:47:59
Main is running at 2014-05-11 19:48:19
Main is running at 2014-05-11 19:48:39
Main is running at 2014-05-11 19:48:59
Main is running at 2014-05-11 19:49:19
Main is running at 2014-05-11 19:49:39
Main is running at 2014-05-11 19:49:59
Main is running at 2014-05-11 19:50:19
Main is running at 2014-05-11 19:50:39
Main is running at 2014-05-11 19:50:59
Main is running at 2014-05-11 19:51:19
Main is running at 2014-05-11 19:51:39
Main is running at 2014-05-11 19:51:59
Main is running at 2014-05-11 19:52:19
Main is running at 2014-05-11 19:52:39
Main is running at 2014-05-11 19:52:59
Main is running at 2014-05-11 19:53:19
Main is running at 2014-05-11 19:53:39
Main is running at 2014-05-11 19:53:59
Main is running at 2014-05-11 19:54:19
Main is running at 2014-05-11 19:54:39
Main is running at 2014-05-11 19:54:59
Main is running at 2014-05-11 19:55:19
Main is running at 2014-05-11 19:55:39
Main is running at 2014-05-11 19:55:59
Main is running at 2014-05-11 19:56:19
Main is running at 2014-05-11 19:56:39
Main is running at 2014-05-11 19:56:59
Main is running at 2014-05-11 19:57:19
Main is running at 2014-05-11 19:57:39
Main is running at 2014-05-11 19:57:59
Main is running at 2014-05-11 19:58:19
Main is running at 2014-05-11 19:58:39
Main is running at 2014-05-11 19:58:59
Main is running at 2014-05-11 19:59:19
Main is running at 2014-05-11 19:59:39
Main is running at 2014-05-11 19:59:59
Main is running at 2014-05-11 20:00:19
Main is running at 2014-05-11 20:00:39
Main is running at 2014-05-11 20:00:59
Main is running at 2014-05-11 20:01:19
Main is running at 2014-05-11 20:01:39
Main is running at 2014-05-11 20:01:59
Main is running at 2014-05-11 20:02:19
Main is running at 2014-05-11 20:02:39
Main is running at 2014-05-11 20:02:59
Main is running at 2014-05-11 20:03:19
Main is running at 2014-05-11 20:03:39
Main is running at 2014-05-11 20:03:59
Main is running at 2014-05-11 20:04:19
Main is running at 2014-05-11 20:04:39
Main is running at 2014-05-11 20:04:59
Main is running at 2014-05-11 20:05:19
Main is running at 2014-05-11 20:05:39
Main is running at 2014-05-11 20:05:59
Main is running at 2014-05-11 20:06:19
Main is running at 2014-05-11 20:06:39
Main is running at 2014-05-11 20:06:59
Main is running at 2014-05-11 20:07:19
Main is running at 2014-05-11 20:07:39
Main is running at 2014-05-11 20:07:59
Main is running at 2014-05-11 20:08:19
Main is running at 2014-05-11 20:08:39
Main is running at 2014-05-11 20:08:59
Main is running at 2014-05-11 20:09:19
Main is running at 2014-05-11 20:09:39
Main is running at 2014-05-11 20:09:59
Main is running at 2014-05-11 20:10:19
Main is running at 2014-05-11 20:10:39
Main is running at 2014-05-11 20:10:59
Main is running at 2014-05-11 20:11:19
Main is running at 2014-05-11 20:11:39
Main is running at 2014-05-11 20:11:59
Main is running at 2014-05-11 20:12:19
Main is running at 2014-05-11 20:12:39
Main is running at 2014-05-11 20:12:59
Main is running at 2014-05-11 20:13:19
Main is running at 2014-05-11 20:13:39
Main is running at 2014-05-11 20:13:59
Main is running at 2014-05-11 20:14:19
Main is running at 2014-05-11 20:14:39
Main is running at 2014-05-11 20:14:59
Main is running at 2014-05-11 20:15:19
Main is running at 2014-05-11 20:15:39
Main is running at 2014-05-11 20:15:59
Main is running at 2014-05-11 20:16:19
Main is running at 2014-05-11 20:16:39
Main is running at 2014-05-11 20:16:59
Main is running at 2014-05-11 20:17:19
Main is running at 2014-05-11 20:17:39
Main is running at 2014-05-11 20:17:59
Main is running at 2014-05-11 20:18:19
Main is running at 2014-05-11 20:18:39
Main is running at 2014-05-11 20:18:59
Main is running at 2014-05-11 20:19:19
Main is running at 2014-05-11 20:19:39
Main is running at 2014-05-11 20:19:59
Main is running at 2014-05-11 20:20:19
Main is running at 2014-05-11 20:20:39
Main is running at 2014-05-11 20:20:59
Main is running at 2014-05-11 20:21:19
Main is running at 2014-05-11 20:21:39
Main is running at 2014-05-11 20:21:59
Main is running at 2014-05-11 20:22:19
Main is running at 2014-05-11 20:22:39
Main is running at 2014-05-11 20:22:59
Main is running at 2014-05-11 20:23:19
Main is running at 2014-05-11 20:23:39
Main is running at 2014-05-11 20:23:59
Main is running at 2014-05-11 20:24:19
Main is running at 2014-05-11 20:24:39
Main is running at 2014-05-11 20:24:59
Main is running at 2014-05-11 20:25:19
Main is running at 2014-05-11 20:25:39
Main is running at 2014-05-11 20:25:59
Main is running at 2014-05-11 20:26:19
Main is running at 2014-05-11 20:26:39
Main is running at 2014-05-11 20:26:59
Main is running at 2014-05-11 20:27:19
Main is running at 2014-05-11 20:27:39
Main is running at 2014-05-11 20:27:59
Main is running at 2014-05-11 20:28:19
Main is running at 2014-05-11 20:28:39
Main is running at 2014-05-11 20:28:59
Main is running at 2014-05-11 20:29:19
Main is running at 2014-05-11 20:29:39
Main is running at 2014-05-11 20:29:59
Main is running at 2014-05-11 20:30:19
Main is running at 2014-05-11 20:30:39
Main is running at 2014-05-11 20:30:59
Main is running at 2014-05-11 20:31:19
Main is running at 2014-05-11 20:31:39
Main is running at 2014-05-11 20:31:59
Main is running at 2014-05-11 20:32:19
Main is running at 2014-05-11 20:32:39
Main is running at 2014-05-11 20:32:59
Main is running at 2014-05-11 20:33:19
Main is running at 2014-05-11 20:33:39
Main is running at 2014-05-11 20:33:59
Main is running at 2014-05-11 20:34:19
Main is running at 2014-05-11 20:34:39
Main is running at 2014-05-11 20:34:59
Main is running at 2014-05-11 20:35:19
Main is running at 2014-05-11 20:35:39
Main is running at 2014-05-11 20:35:59
Main is running at 2014-05-11 20:36:19
Main is running at 2014-05-11 20:36:39
Main is running at 2014-05-11 20:36:59
Main is running at 2014-05-11 20:37:19
Main is running at 2014-05-11 20:37:39
Main is running at 2014-05-11 20:37:59
Main is running at 2014-05-11 20:38:19
Main is running at 2014-05-11 20:38:39
Main is running at 2014-05-11 20:38:59
Main is running at 2014-05-11 20:39:19
Main is running at 2014-05-11 20:39:39
Main is running at 2014-05-11 20:39:59
Main is running at 2014-05-11 20:40:19
Main is running at 2014-05-11 20:40:39
Main is running at 2014-05-11 20:40:59
Main is running at 2014-05-11 20:41:19
Main is running at 2014-05-11 20:41:39
Main is running at 2014-05-11 20:41:59
Main is running at 2014-05-11 20:42:19
Main is running at 2014-05-11 20:42:39
Main is running at 2014-05-11 20:42:59
Main is running at 2014-05-11 20:43:19
Main is running at 2014-05-11 20:43:39
Main is running at 2014-05-11 20:43:59
Main is running at 2014-05-11 20:44:19
Main is running at 2014-05-11 20:44:39
Main is running at 2014-05-11 20:44:59
Main is running at 2014-05-11 20:45:19
Main is running at 2014-05-11 20:45:39
Main is running at 2014-05-11 20:45:59
Main is running at 2014-05-11 20:46:19
Main is running at 2014-05-11 20:46:39
Main is running at 2014-05-11 20:46:59
Main is running at 2014-05-11 20:47:19
Main is running at 2014-05-11 20:47:39
Main is running at 2014-05-11 20:47:59
Main is running at 2014-05-11 20:48:19
Main is running at 2014-05-11 20:48:39
Main is running at 2014-05-11 20:48:59
Main is running at 2014-05-11 20:49:19
Main is running at 2014-05-11 20:49:39
Main is running at 2014-05-11 20:49:59
Main is running at 2014-05-11 20:50:19
Main is running at 2014-05-11 20:50:39
Main is running at 2014-05-11 20:50:59
Main is running at 2014-05-11 20:51:19
Main is running at 2014-05-11 20:51:39
Main is running at 2014-05-11 20:51:59
Main is running at 2014-05-11 20:52:19
Main is running at 2014-05-11 20:52:39
Main is running at 2014-05-11 20:52:59
Main is running at 2014-05-11 20:53:19
Main is running at 2014-05-11 20:53:39
Main is running at 2014-05-11 20:53:59
Main is running at 2014-05-11 20:54:19
Main is running at 2014-05-11 20:54:39
Main is running at 2014-05-11 20:54:59
Main is running at 2014-05-11 20:55:19
Main is running at 2014-05-11 20:55:39
Main is running at 2014-05-11 20:55:59
Main is running at 2014-05-11 20:56:19
Main is running at 2014-05-11 20:56:39
Main is running at 2014-05-11 20:56:59
Main is running at 2014-05-11 20:57:19
Main is running at 2014-05-11 20:57:39
Main is running at 2014-05-11 20:57:59
Main is running at 2014-05-11 20:58:19
Main is running at 2014-05-11 20:58:39
Main is running at 2014-05-11 20:58:59
Main is running at 2014-05-11 20:59:19
Main is running at 2014-05-11 20:59:39
Main is running at 2014-05-11 20:59:59
Main is running at 2014-05-11 21:00:19
Main is running at 2014-05-11 21:00:39
Main is running at 2014-05-11 21:00:59
Main is running at 2014-05-11 21:01:19
Main is running at 2014-05-11 21:01:39
Main is running at 2014-05-11 21:01:59
Main is running at 2014-05-11 21:02:19
Main is running at 2014-05-11 21:02:39
Main is running at 2014-05-11 21:02:59
Main is running at 2014-05-11 21:03:19
Main is running at 2014-05-11 21:03:39
Main is running at 2014-05-11 21:03:59
Main is running at 2014-05-11 21:04:19
Main is running at 2014-05-11 21:04:39
Main is running at 2014-05-11 21:04:59
Main is running at 2014-05-11 21:05:19
Main is running at 2014-05-11 21:05:39
Main is running at 2014-05-11 21:05:59
Main is running at 2014-05-11 21:06:19
Main is running at 2014-05-11 21:06:39
Main is running at 2014-05-11 21:06:59
Main is running at 2014-05-11 21:07:19
Main is running at 2014-05-11 21:07:39
Main is running at 2014-05-11 21:07:59
Main is running at 2014-05-11 21:08:19
Main is running at 2014-05-11 21:08:39
Main is running at 2014-05-11 21:08:59
Main is running at 2014-05-11 21:09:19
Main is running at 2014-05-11 21:09:39
Main is running at 2014-05-11 21:09:59
Main is running at 2014-05-11 21:10:19
Main is running at 2014-05-11 21:10:39
Main is running at 2014-05-11 21:10:59
Main is running at 2014-05-11 21:11:19
Main is running at 2014-05-11 21:11:39
Main is running at 2014-05-11 21:11:59
Main is running at 2014-05-11 21:12:19
Main is running at 2014-05-11 21:12:39
Main is running at 2014-05-11 21:12:59
Main is running at 2014-05-11 21:13:19
Main is running at 2014-05-11 21:13:39
Main is running at 2014-05-11 21:13:59
Main is running at 2014-05-11 21:14:19
Main is running at 2014-05-11 21:14:39
Main is running at 2014-05-11 21:14:59
Main is running at 2014-05-11 21:15:19
Main is running at 2014-05-11 21:15:39
Main is running at 2014-05-11 21:15:59
Main is running at 2014-05-11 21:16:19
Main is running at 2014-05-11 21:16:39
Main is running at 2014-05-11 21:16:59
Main is running at 2014-05-11 21:17:19
Main is running at 2014-05-11 21:17:39
Main is running at 2014-05-11 21:17:59
Main is running at 2014-05-11 21:18:19
Main is running at 2014-05-11 21:18:39
Main is running at 2014-05-11 21:18:59
Main is running at 2014-05-11 21:19:19
Main is running at 2014-05-11 21:19:39
Main is running at 2014-05-11 21:19:59
Main is running at 2014-05-11 21:20:19
Main is running at 2014-05-11 21:20:39
Main is running at 2014-05-11 21:20:59
Main is running at 2014-05-11 21:21:19
Main is running at 2014-05-11 21:21:39
Main is running at 2014-05-11 21:21:59
Main is running at 2014-05-11 21:22:19
Main is running at 2014-05-11 21:22:39
Main is running at 2014-05-11 21:22:59
Main is running at 2014-05-11 21:23:19
Main is running at 2014-05-11 21:23:39
Main is running at 2014-05-11 21:23:59
Main is running at 2014-05-11 21:24:19
Main is running at 2014-05-11 21:24:39
Main is running at 2014-05-11 21:24:59
Main is running at 2014-05-11 21:25:19
Main is running at 2014-05-11 21:25:39
Main is running at 2014-05-11 21:25:59
Main is running at 2014-05-11 21:26:19
Main is running at 2014-05-11 21:26:39
Main is running at 2014-05-11 21:26:59
Main is running at 2014-05-11 21:27:19
Main is running at 2014-05-11 21:27:39
Main is running at 2014-05-11 21:27:59
Main is running at 2014-05-11 21:28:19
Main is running at 2014-05-11 21:28:39
Main is running at 2014-05-11 21:28:59
Main is running at 2014-05-11 21:29:19
Main is running at 2014-05-11 21:29:39
Main is running at 2014-05-11 21:29:59
Main is running at 2014-05-11 21:30:19
Main is running at 2014-05-11 21:30:39
Main is running at 2014-05-11 21:30:59
Main is running at 2014-05-11 21:31:19
Main is running at 2014-05-11 21:31:39
Main is running at 2014-05-11 21:31:59
Main is running at 2014-05-11 21:32:19
Main is running at 2014-05-11 21:32:39
Main is running at 2014-05-11 21:32:59
Main is running at 2014-05-11 21:33:19
Main is running at 2014-05-11 21:33:39
Main is running at 2014-05-11 21:33:59
Main is running at 2014-05-11 21:34:19
Main is running at 2014-05-11 21:34:39
Main is running at 2014-05-11 21:34:59
Main is running at 2014-05-11 21:35:19
Main is running at 2014-05-11 21:35:39
Main is running at 2014-05-11 21:35:59
Main is running at 2014-05-11 21:36:19
Main is running at 2014-05-11 21:36:39
Main is running at 2014-05-11 21:36:59
Main is running at 2014-05-11 21:37:19
Main is running at 2014-05-11 21:37:39
Main is running at 2014-05-11 21:37:59
Main is running at 2014-05-11 21:38:19
Main is running at 2014-05-11 21:38:39
Main is running at 2014-05-11 21:38:59
Main is running at 2014-05-11 21:39:19
Main is running at 2014-05-11 21:39:39
Main is running at 2014-05-11 21:39:59
Main is running at 2014-05-11 21:40:19
Main is running at 2014-05-11 21:40:39
Main is running at 2014-05-11 21:40:59
Main is running at 2014-05-11 21:41:19
Main is running at 2014-05-11 21:41:39
Main is running at 2014-05-11 21:41:59
Main is running at 2014-05-11 21:42:19
Main is running at 2014-05-11 21:42:39
Main is running at 2014-05-11 21:42:59
Main is running at 2014-05-11 21:43:19
Main is running at 2014-05-11 21:43:39
Main is running at 2014-05-11 21:43:59
Main is running at 2014-05-11 21:44:19
Main is running at 2014-05-11 21:44:39
Main is running at 2014-05-11 21:44:59
Main is running at 2014-05-11 21:45:19
Main is running at 2014-05-11 21:45:39
Main is running at 2014-05-11 21:45:59
Main is running at 2014-05-11 21:46:19
Main is running at 2014-05-11 21:46:39
Main is running at 2014-05-11 21:46:59
Main is running at 2014-05-11 21:47:19
Main is running at 2014-05-11 21:47:39
Main is running at 2014-05-11 21:47:59
Main is running at 2014-05-11 21:48:19
Main is running at 2014-05-11 21:48:39
Main is running at 2014-05-11 21:48:59
Main is running at 2014-05-11 21:49:19
Main is running at 2014-05-11 21:49:39
Main is running at 2014-05-11 21:49:59
Main is running at 2014-05-11 21:50:19
Main is running at 2014-05-11 21:50:39
Main is running at 2014-05-11 21:50:59
Main is running at 2014-05-11 21:51:19
Main is running at 2014-05-11 21:51:39
Main is running at 2014-05-11 21:51:59
Main is running at 2014-05-11 21:52:19
Main is running at 2014-05-11 21:52:39
Main is running at 2014-05-11 21:52:59
Main is running at 2014-05-11 21:53:19
Main is running at 2014-05-11 21:53:39
Main is running at 2014-05-11 21:53:59
Main is running at 2014-05-11 21:54:19
Main is running at 2014-05-11 21:54:39
Main is running at 2014-05-11 21:54:59
Main is running at 2014-05-11 21:55:19
Main is running at 2014-05-11 21:55:39
Main is running at 2014-05-11 21:55:59
Main is running at 2014-05-11 21:56:19
Main is running at 2014-05-11 21:56:39
Main is running at 2014-05-11 21:56:59
Main is running at 2014-05-11 21:57:19
Main is running at 2014-05-11 21:57:39
Main is running at 2014-05-11 21:57:59
Main is running at 2014-05-11 21:58:19
Main is running at 2014-05-11 21:58:39
Main is running at 2014-05-11 21:58:59
Main is running at 2014-05-11 21:59:19
Main is running at 2014-05-11 21:59:39
Main is running at 2014-05-11 21:59:59
Main is running at 2014-05-11 22:00:19
Main is running at 2014-05-11 22:00:39
Main is running at 2014-05-11 22:00:59
Main is running at 2014-05-11 22:01:19
Main is running at 2014-05-11 22:01:39
Main is running at 2014-05-11 22:01:59
Main is running at 2014-05-11 22:02:19
Main is running at 2014-05-11 22:02:39
Main is running at 2014-05-11 22:02:59
Main is running at 2014-05-11 22:03:19
Main is running at 2014-05-11 22:03:39
Main is running at 2014-05-11 22:03:59
Main is running at 2014-05-11 22:04:19
Main is running at 2014-05-11 22:04:39
Main is running at 2014-05-11 22:04:59
Main is running at 2014-05-11 22:05:19
Main is running at 2014-05-11 22:05:39
Main is running at 2014-05-11 22:05:59
Main is running at 2014-05-11 22:06:19
Main is running at 2014-05-11 22:06:39
Main is running at 2014-05-11 22:06:59
Main is running at 2014-05-11 22:07:19
Main is running at 2014-05-11 22:07:39
Main is running at 2014-05-11 22:07:59
Main is running at 2014-05-11 22:08:19
Main is running at 2014-05-11 22:08:39
Main is running at 2014-05-11 22:08:59
Main is running at 2014-05-11 22:09:19
Main is running at 2014-05-11 22:09:39
Main is running at 2014-05-11 22:09:59
Main is running at 2014-05-11 22:10:19
Main is running at 2014-05-11 22:10:39
Main is running at 2014-05-11 22:10:59
Main is running at 2014-05-11 22:11:19
Main is running at 2014-05-11 22:11:39
Main is running at 2014-05-11 22:11:59
Main is running at 2014-05-11 22:12:19
Main is running at 2014-05-11 22:12:39
Main is running at 2014-05-11 22:12:59
Main is running at 2014-05-11 22:13:19
Main is running at 2014-05-11 22:13:39
Main is running at 2014-05-11 22:13:59
Main is running at 2014-05-11 22:14:19
Main is running at 2014-05-11 22:14:39
Main is running at 2014-05-11 22:14:59
Main is running at 2014-05-11 22:15:19
Main is running at 2014-05-11 22:15:39
Main is running at 2014-05-11 22:15:59
Main is running at 2014-05-11 22:16:19
Main is running at 2014-05-11 22:16:39
Main is running at 2014-05-11 22:16:59
Main is running at 2014-05-11 22:17:19
Main is running at 2014-05-11 22:17:39
Main is running at 2014-05-11 22:17:59
Main is running at 2014-05-11 22:18:19
Main is running at 2014-05-11 22:18:39
Main is running at 2014-05-11 22:18:59
Main is running at 2014-05-11 22:19:19
Main is running at 2014-05-11 22:19:39
Main is running at 2014-05-11 22:19:59
Main is running at 2014-05-11 22:20:19
Main is running at 2014-05-11 22:20:39
Main is running at 2014-05-11 22:20:59
Main is running at 2014-05-11 22:21:19
Main is running at 2014-05-11 22:21:39
Main is running at 2014-05-11 22:21:59
Main is running at 2014-05-11 22:22:19
Main is running at 2014-05-11 22:22:39
Main is running at 2014-05-11 22:22:59
Main is running at 2014-05-11 22:23:19
Main is running at 2014-05-11 22:23:39
Main is running at 2014-05-11 22:23:59
Main is running at 2014-05-11 22:24:19
Main is running at 2014-05-11 22:24:39
Main is running at 2014-05-11 22:24:59
Main is running at 2014-05-11 22:25:19
Main is running at 2014-05-11 22:25:39
Main is running at 2014-05-11 22:25:59
Main is running at 2014-05-11 22:26:19
Main is running at 2014-05-11 22:26:39
Main is running at 2014-05-11 22:26:59
Main is running at 2014-05-11 22:27:19
Main is running at 2014-05-11 22:27:39
Main is running at 2014-05-11 22:27:59
Main is running at 2014-05-11 22:28:19
Main is running at 2014-05-11 22:28:39
Main is running at 2014-05-11 22:28:59
Main is running at 2014-05-11 22:29:19
Main is running at 2014-05-11 22:29:39
Main is running at 2014-05-11 22:29:59
Main is running at 2014-05-11 22:30:19
Main is running at 2014-05-11 22:30:39
Main is running at 2014-05-11 22:30:59
Main is running at 2014-05-11 22:31:19
Main is running at 2014-05-11 22:31:39
Main is running at 2014-05-11 22:31:59
Main is running at 2014-05-11 22:32:19
Main is running at 2014-05-11 22:32:39
Main is running at 2014-05-11 22:32:59
Main is running at 2014-05-11 22:33:19
Main is running at 2014-05-11 22:33:39
Main is running at 2014-05-11 22:33:59
Main is running at 2014-05-11 22:34:19
Main is running at 2014-05-11 22:34:39
Main is running at 2014-05-11 22:34:59
Main is running at 2014-05-11 22:35:19
Main is running at 2014-05-11 22:35:39
Main is running at 2014-05-11 22:35:59
Main is running at 2014-05-11 22:36:19
Main is running at 2014-05-11 22:36:39
Main is running at 2014-05-11 22:36:59
Main is running at 2014-05-11 22:37:19
Main is running at 2014-05-11 22:37:39
Main is running at 2014-05-11 22:37:59
Main is running at 2014-05-11 22:38:19
Main is running at 2014-05-11 22:38:39
Main is running at 2014-05-11 22:38:59
Main is running at 2014-05-11 22:39:19
Main is running at 2014-05-11 22:39:39
Main is running at 2014-05-11 22:39:59
Main is running at 2014-05-11 22:40:19
Main is running at 2014-05-11 22:40:39
Main is running at 2014-05-11 22:40:59
Main is running at 2014-05-11 22:41:19
Main is running at 2014-05-11 22:41:39
Main is running at 2014-05-11 22:41:59
Main is running at 2014-05-11 22:42:19
Main is running at 2014-05-11 22:42:39
Main is running at 2014-05-11 22:42:59
Main is running at 2014-05-11 22:43:19
Main is running at 2014-05-11 22:43:39
Main is running at 2014-05-11 22:43:59
Main is running at 2014-05-11 22:44:19
Main is running at 2014-05-11 22:44:39
Main is running at 2014-05-11 22:44:59
Main is running at 2014-05-11 22:45:19
Main is running at 2014-05-11 22:45:39
Main is running at 2014-05-11 22:45:59
Main is running at 2014-05-11 22:46:19
Main is running at 2014-05-11 22:46:39
Main is running at 2014-05-11 22:46:59
Main is running at 2014-05-11 22:47:19
Main is running at 2014-05-11 22:47:39
Main is running at 2014-05-11 22:47:59
Main is running at 2014-05-11 22:48:19
Main is running at 2014-05-11 22:48:39
Main is running at 2014-05-11 22:48:59
Main is running at 2014-05-11 22:49:19
Main is running at 2014-05-11 22:49:39
Main is running at 2014-05-11 22:49:59
Main is running at 2014-05-11 22:50:19
Main is running at 2014-05-11 22:50:39
Main is running at 2014-05-11 22:50:59
Main is running at 2014-05-11 22:51:19
Main is running at 2014-05-11 22:51:39
Main is running at 2014-05-11 22:51:59
Main is running at 2014-05-11 22:52:19
Main is running at 2014-05-11 22:52:39
Main is running at 2014-05-11 22:52:59
Main is running at 2014-05-11 22:53:19
Main is running at 2014-05-11 22:53:39
Main is running at 2014-05-11 22:53:59
Main is running at 2014-05-11 22:54:19
Main is running at 2014-05-11 22:54:39
Main is running at 2014-05-11 22:54:59
Main is running at 2014-05-11 22:55:19
Main is running at 2014-05-11 22:55:39
Main is running at 2014-05-11 22:55:59
Main is running at 2014-05-11 22:56:19
Main is running at 2014-05-11 22:56:39
Main is running at 2014-05-11 22:56:59
Main is running at 2014-05-11 22:57:19
Main is running at 2014-05-11 22:57:39
Main is running at 2014-05-11 22:57:59
Main is running at 2014-05-11 22:58:19
Main is running at 2014-05-11 22:58:39
Main is running at 2014-05-11 22:58:59
Main is running at 2014-05-11 22:59:19
Main is running at 2014-05-11 22:59:39
Main is running at 2014-05-11 22:59:59
Main is running at 2014-05-11 23:00:19
Main is running at 2014-05-11 23:00:39
Main is running at 2014-05-11 23:00:59
Main is running at 2014-05-11 23:01:19
Main is running at 2014-05-11 23:01:39
Main is running at 2014-05-11 23:01:59
Main is running at 2014-05-11 23:02:19
Main is running at 2014-05-11 23:02:39
Main is running at 2014-05-11 23:02:59
Main is running at 2014-05-11 23:03:19
Main is running at 2014-05-11 23:03:39
Main is running at 2014-05-11 23:03:59
Main is running at 2014-05-11 23:04:19
Main is running at 2014-05-11 23:04:39
Main is running at 2014-05-11 23:04:59
Main is running at 2014-05-11 23:05:19
Main is running at 2014-05-11 23:05:39
Main is running at 2014-05-11 23:05:59
Main is running at 2014-05-11 23:06:19
Main is running at 2014-05-11 23:06:39
Main is running at 2014-05-11 23:06:59
Main is running at 2014-05-11 23:07:19
Main is running at 2014-05-11 23:07:39
Main is running at 2014-05-11 23:07:59
Main is running at 2014-05-11 23:08:19
Main is running at 2014-05-11 23:08:39
Main is running at 2014-05-11 23:08:59
Main is running at 2014-05-11 23:09:19
Main is running at 2014-05-11 23:09:39
Main is running at 2014-05-11 23:09:59
Main is running at 2014-05-11 23:10:19
Main is running at 2014-05-11 23:10:39
Main is running at 2014-05-11 23:10:59
Main is running at 2014-05-11 23:11:19
Main is running at 2014-05-11 23:11:39
Main is running at 2014-05-11 23:11:59
Main is running at 2014-05-11 23:12:19
Main is running at 2014-05-11 23:12:39
Main is running at 2014-05-11 23:12:59
Main is running at 2014-05-11 23:13:19
Main is running at 2014-05-11 23:13:39
Main is running at 2014-05-11 23:13:59
Main is running at 2014-05-11 23:14:19
Main is running at 2014-05-11 23:14:39
Main is running at 2014-05-11 23:14:59
Main is running at 2014-05-11 23:15:19
Main is running at 2014-05-11 23:15:39
Main is running at 2014-05-11 23:15:59
Main is running at 2014-05-11 23:16:19
Main is running at 2014-05-11 23:16:39
Main is running at 2014-05-11 23:16:59
Main is running at 2014-05-11 23:17:19
Main is running at 2014-05-11 23:17:39
Main is running at 2014-05-11 23:17:59
Main is running at 2014-05-11 23:18:19
Main is running at 2014-05-11 23:18:39
Main is running at 2014-05-11 23:18:59
Main is running at 2014-05-11 23:19:19
Main is running at 2014-05-11 23:19:39
Main is running at 2014-05-11 23:19:59
Main is running at 2014-05-11 23:20:19
Main is running at 2014-05-11 23:20:39
Main is running at 2014-05-11 23:20:59
Main is running at 2014-05-11 23:21:19
Main is running at 2014-05-11 23:21:39
Main is running at 2014-05-11 23:21:59
Main is running at 2014-05-11 23:22:19
Main is running at 2014-05-11 23:22:39
Main is running at 2014-05-11 23:22:59
Main is running at 2014-05-11 23:23:19
Main is running at 2014-05-11 23:23:39
Main is running at 2014-05-11 23:23:59
Main is running at 2014-05-11 23:24:19
Main is running at 2014-05-11 23:24:39
Main is running at 2014-05-11 23:24:59
Main is running at 2014-05-11 23:25:19
Main is running at 2014-05-11 23:25:39
Main is running at 2014-05-11 23:25:59
Main is running at 2014-05-11 23:26:19
Main is running at 2014-05-11 23:26:39
Main is running at 2014-05-11 23:26:59
Main is running at 2014-05-11 23:27:19
Main is running at 2014-05-11 23:27:39
Main is running at 2014-05-11 23:27:59
Main is running at 2014-05-11 23:28:19
Main is running at 2014-05-11 23:28:39
Main is running at 2014-05-11 23:28:59
Main is running at 2014-05-11 23:29:19
Main is running at 2014-05-11 23:29:39
Main is running at 2014-05-11 23:29:59
Main is running at 2014-05-11 23:30:19
Main is running at 2014-05-11 23:30:39
Main is running at 2014-05-11 23:30:59
Main is running at 2014-05-11 23:31:19
Main is running at 2014-05-11 23:31:39
Main is running at 2014-05-11 23:31:59
Main is running at 2014-05-11 23:32:19
Main is running at 2014-05-11 23:32:39
Main is running at 2014-05-11 23:32:59
Main is running at 2014-05-11 23:33:19
Main is running at 2014-05-11 23:33:39
Main is running at 2014-05-11 23:33:59
Main is running at 2014-05-11 23:34:19
Main is running at 2014-05-11 23:34:39
Main is running at 2014-05-11 23:34:59
Main is running at 2014-05-11 23:35:19
Main is running at 2014-05-11 23:35:39
Main is running at 2014-05-11 23:35:59
Main is running at 2014-05-11 23:36:19
Main is running at 2014-05-11 23:36:39
Main is running at 2014-05-11 23:36:59
Main is running at 2014-05-11 23:37:19
Main is running at 2014-05-11 23:37:39
Main is running at 2014-05-11 23:37:59
Main is running at 2014-05-11 23:38:19
Main is running at 2014-05-11 23:38:39
Main is running at 2014-05-11 23:38:59
Main is running at 2014-05-11 23:39:19
Main is running at 2014-05-11 23:39:39
Main is running at 2014-05-11 23:39:59
Main is running at 2014-05-11 23:40:19
Main is running at 2014-05-11 23:40:39
Main is running at 2014-05-11 23:40:59
Main is running at 2014-05-11 23:41:19
Main is running at 2014-05-11 23:41:39
Main is running at 2014-05-11 23:41:59
Main is running at 2014-05-11 23:42:19
Main is running at 2014-05-11 23:42:39
Main is running at 2014-05-11 23:42:59
Main is running at 2014-05-11 23:43:19
Main is running at 2014-05-11 23:43:39
Main is running at 2014-05-11 23:43:59
Main is running at 2014-05-11 23:44:19
Main is running at 2014-05-11 23:44:39
Main is running at 2014-05-11 23:44:59
Main is running at 2014-05-11 23:45:19
Main is running at 2014-05-11 23:45:39
Main is running at 2014-05-11 23:45:59
Main is running at 2014-05-11 23:46:19
Main is running at 2014-05-11 23:46:39
Main is running at 2014-05-11 23:46:59
Main is running at 2014-05-11 23:47:19
Main is running at 2014-05-11 23:47:39
Main is running at 2014-05-11 23:47:59
Main is running at 2014-05-11 23:48:19
Main is running at 2014-05-11 23:48:39
Main is running at 2014-05-11 23:48:59
Main is running at 2014-05-11 23:49:19
Main is running at 2014-05-11 23:49:39
Main is running at 2014-05-11 23:49:59
Main is running at 2014-05-11 23:50:19
Main is running at 2014-05-11 23:50:39
Main is running at 2014-05-11 23:50:59
Main is running at 2014-05-11 23:51:19
Main is running at 2014-05-11 23:51:39
Main is running at 2014-05-11 23:51:59
Main is running at 2014-05-11 23:52:19
Main is running at 2014-05-11 23:52:39
Main is running at 2014-05-11 23:52:59
Main is running at 2014-05-11 23:53:19
Main is running at 2014-05-11 23:53:39
Main is running at 2014-05-11 23:53:59
Main is running at 2014-05-11 23:54:19
Main is running at 2014-05-11 23:54:39
Main is running at 2014-05-11 23:54:59
Main is running at 2014-05-11 23:55:19
Main is running at 2014-05-11 23:55:39
Main is running at 2014-05-11 23:55:59
Main is running at 2014-05-11 23:56:19
Main is running at 2014-05-11 23:56:39
Main is running at 2014-05-11 23:56:59
Main is running at 2014-05-11 23:57:19
Main is running at 2014-05-11 23:57:39
Main is running at 2014-05-11 23:57:59
Main is running at 2014-05-11 23:58:19
Main is running at 2014-05-11 23:58:39
Main is running at 2014-05-11 23:58:59
Main is running at 2014-05-11 23:59:19
Main is running at 2014-05-11 23:59:39
Main is running at 2014-05-11 23:59:59
Main is running at 2014-05-12 00:00:19
Main is running at 2014-05-12 00:00:39
Main is running at 2014-05-12 00:00:59
Main is running at 2014-05-12 00:01:19
Main is running at 2014-05-12 00:01:39
Main is running at 2014-05-12 00:01:59
Main is running at 2014-05-12 00:02:19
Main is running at 2014-05-12 00:02:39
Main is running at 2014-05-12 00:02:59
Main is running at 2014-05-12 00:03:19
Main is running at 2014-05-12 00:03:39
Main is running at 2014-05-12 00:03:59
Main is running at 2014-05-12 00:04:19
Main is running at 2014-05-12 00:04:39
Main is running at 2014-05-12 00:04:59
Main is running at 2014-05-12 00:05:19
Main is running at 2014-05-12 00:05:39
Main is running at 2014-05-12 00:05:59
Main is running at 2014-05-12 00:06:19
Main is running at 2014-05-12 00:06:39
Main is running at 2014-05-12 00:06:59
Main is running at 2014-05-12 00:07:19
Main is running at 2014-05-12 00:07:39
Main is running at 2014-05-12 00:07:59
Main is running at 2014-05-12 00:08:19
Main is running at 2014-05-12 00:08:39
Main is running at 2014-05-12 00:08:59
Something has wrong on Sending KeepAlive~